#
# A fatal error has been detected by the Java Runtime Environment:
#
#  EXCEPTION_ACCESS_VIOLATION (0xc0000005) at pc=0x00007ff956a6c1c4, pid=22260, tid=29668
#
# JRE version: OpenJDK Runtime Environment (22.0+36) (build 22+36-2370)
# Java VM: OpenJDK 64-Bit Server VM (22+36-2370, mixed mode, sharing, tiered, compressed oops, compressed class ptrs, g1 gc, windows-amd64)
# Problematic frame:
# C  [cyjagent.dll+0xc1c4]
#
# No core dump will be written. Minidumps are not enabled by default on client versions of Windows
#
# If you would like to submit a bug report, please visit:
#   https://bugreport.java.com/bugreport/crash.jsp
# The crash happened outside the Java Virtual Machine in native code.
# See problematic frame for where to report the bug.
#

---------------  S U M M A R Y ------------

Command Line: -ea -javaagent:C:\Users\orkhan.gahramanli\.m2\repository/org/aspectj/aspectjweaver/1.9.19/aspectjweaver-1.9.19.jar -Didea.test.cyclic.buffer.size=1048576 -javaagent:C:\Program Files\JetBrains\Aqua 241.15989.28\lib\idea_rt.jar=57337:C:\Program Files\JetBrains\Aqua 241.15989.28\bin -Dfile.encoding=UTF-8 -Dsun.stdout.encoding=UTF-8 -Dsun.stderr.encoding=UTF-8 -agentpath:C:\Program Files\Palo Alto Networks\Traps\cyjagent.dll com.intellij.rt.testng.RemoteTestNGStarter -usedefaultlisteners false -socket57336 @w@C:\Users\orkhan.gahramanli\AppData\Local\Temp\idea_working_dirs_testng.tmp -temp C:\Users\orkhan.gahramanli\AppData\Local\Temp\idea_testng.tmp

Host: 13th Gen Intel(R) Core(TM) i7-13620H, 16 cores, 15G,  Windows 11 , 64 bit Build 22621 (10.0.22621.3527)
Time: Wed May 29 18:19:00 2024 Azerbaijan Standard Time elapsed time: 6.125697 seconds (0d 0h 0m 6s)

---------------  T H R E A D  ---------------

Current thread (0x000002c2eadbe560):  JavaThread "Finalizer" daemon [_thread_in_native, id=29668, stack(0x000000d8a5e00000,0x000000d8a5f00000) (1024K)]

Stack: [0x000000d8a5e00000,0x000000d8a5f00000],  sp=0x000000d8a5efd290,  free space=1012k
Native frames: (J=compiled Java code, j=interpreted, Vv=VM code, C=native code)
C  [cyjagent.dll+0xc1c4]  (no source info available)
V  [jvm.dll+0x5a82fe]  (no source info available)
V  [jvm.dll+0x59f8c2]  (no source info available)
V  [jvm.dll+0x59f9bb]  (no source info available)
V  [jvm.dll+0x5c4680]  (no source info available)
V  [jvm.dll+0x21cc5a]  (no source info available)
V  [jvm.dll+0x7eb79c]  (no source info available)
V  [jvm.dll+0x7ec836]  (no source info available)
V  [jvm.dll+0x7ece44]  (no source info available)
V  [jvm.dll+0x7ecac8]  (no source info available)
V  [jvm.dll+0x26d70b]  (no source info available)
V  [jvm.dll+0x3d9a9e]  (no source info available)
C  0x000002c2dd11abdf  (no source info available)

The last pc belongs to new (printed below).
Java frames: (J=compiled Java code, j=interpreted, Vv=VM code)
j  sun.security.ssl.Alert.<clinit>()V+667 java.base@22
v  ~StubRoutines::call_stub 0x000002c2dd10100d
j  sun.security.ssl.SSLSocketImpl.deliverClosedNotify(Z)V+18 java.base@22
j  sun.security.ssl.SSLSocketImpl.closeNotify(Z)V+223 java.base@22
j  sun.security.ssl.TransportContext.closeNotify(Z)V+18 java.base@22
j  sun.security.ssl.TransportContext.initiateOutboundClose()V+29 java.base@22
j  sun.security.ssl.TransportContext.closeOutbound()V+9 java.base@22
j  sun.security.ssl.SSLSocketImpl.shutdownOutput()V+37 java.base@22
j  org.apache.http.impl.SocketHttpClientConnection.close()V+23
j  org.apache.http.impl.conn.DefaultClientConnection.close()V+1
j  org.apache.http.impl.conn.HttpPoolEntry.close()V+9
j  org.apache.http.impl.conn.BasicClientConnectionManager.shutdown()V+20
j  org.apache.http.impl.conn.BasicClientConnectionManager.finalize()V+1
j  java.lang.System$2.invokeFinalize(Ljava/lang/Object;)V+1 java.base@22
j  java.lang.ref.Finalizer.runFinalizer(Ljdk/internal/access/JavaLangAccess;)V+115 java.base@22
j  java.lang.ref.Finalizer$FinalizerThread.run()V+29 java.base@22
v  ~StubRoutines::call_stub 0x000002c2dd10100d

siginfo: EXCEPTION_ACCESS_VIOLATION (0xc0000005), reading address 0x0000000000000000


Registers:
RAX=0x0000000000000000, RBX=0x000002c2eadbe920, RCX=0x0000000000000000, RDX=0x000002c2cbfed8d0
RSP=0x000000d8a5efd290, RBP=0x000002c2d5c9f8d0, RSI=0x0000000000000000, RDI=0x000002c2c6948a20
R8 =0x000000d8a5efd0d8, R9 =0x0000000000000000, R10=0x0000000000000000, R11=0x0000000000000246
R12=0x000002c2c6948a20, R13=0x000002c2c6947b70, R14=0x000002c2eadbe560, R15=0x0000000000000000
RIP=0x00007ff956a6c1c4, EFLAGS=0x0000000000010202


Register to memory mapping:

RAX=0x0 is null
RBX=0x000002c2eadbe920 points into unknown readable memory: 0x00007ff8aabaeac0 | c0 ea ba aa f8 7f 00 00
RCX=0x0 is null
RDX=0x000002c2cbfed8d0 points into unknown readable memory: 0x000002c2eadbe560 | 60 e5 db ea c2 02 00 00
RSP=0x000000d8a5efd290 is pointing into the stack for thread: 0x000002c2eadbe560
RBP=0x000002c2d5c9f8d0 points into unknown readable memory: 0x000002c2d5c0f100 | 00 f1 c0 d5 c2 02 00 00
RSI=0x0 is null
RDI=0x000002c2c6948a20 points into unknown readable memory: 0x756365732f6e7573 | 73 75 6e 2f 73 65 63 75
R8 =0x000000d8a5efd0d8 is pointing into the stack for thread: 0x000002c2eadbe560
R9 =0x0 is null
R10=0x0 is null
R11=0x0000000000000246 is an unknown value
R12=0x000002c2c6948a20 points into unknown readable memory: 0x756365732f6e7573 | 73 75 6e 2f 73 65 63 75
R13=0x000002c2c6947b70 points into unknown readable memory: 0x0000000000000000 | 00 00 00 00 00 00 00 00
R14=0x000002c2eadbe560 is a thread
R15=0x0 is null

Top of Stack: (sp=0x000000d8a5efd290)
0x000000d8a5efd290:   000002c2c6948a20 000002c2eadbe920
0x000000d8a5efd2a0:   0000000000000000 000002c2eadbe920
0x000000d8a5efd2b0:   0000000000000000 0000000000000000
0x000000d8a5efd2c0:   000002c2c6e4f8b8 000002c2d5c9f8d0
0x000000d8a5efd2d0:   0000000000000024 000000d8a5efd4b0
0x000000d8a5efd2e0:   000002c2cbaca750 0000000000000000
0x000000d8a5efd2f0:   000000d8a5efd4e8 00007ff8aa5782fe
0x000000d8a5efd300:   000002c2cbaca750 0000000000000000
0x000000d8a5efd310:   000000d8a5efd4b0 0000000000000000
0x000000d8a5efd320:   000002c2c6948a20 0000000000000000
0x000000d8a5efd330:   000002c200000e48 000002c2ca29aa80
0x000000d8a5efd340:   000000d8a5efd438 000000d8a5efd358
0x000000d8a5efd350:   0000000000000000 0000000000000000
0x000000d8a5efd360:   0000000000000000 000002c2d5ff961c
0x000000d8a5efd370:   000002c2ead9bbf0 000002c2c6947b70
0x000000d8a5efd380:   000002c2c6948a48 000002c2c694fb58
0x000000d8a5efd390:   00000000000083b0 000002c2eadbe560
0x000000d8a5efd3a0:   000002c2eadbe560 000002c2ead9bcf0
0x000000d8a5efd3b0:   000002c2ead7a9a0 000002c2ead7a9b8
0x000000d8a5efd3c0:   000002c2ead7aa88 00000000000000d8
0x000000d8a5efd3d0:   000000d8a5efd5c8 0000000000000130
0x000000d8a5efd3e0:   0000000000000070 000002c2c6947b70
0x000000d8a5efd3f0:   0000000000000003 000002c2cbaca750
0x000000d8a5efd400:   000000d8a5efd4b0 000002c2ead9bbf0
0x000000d8a5efd410:   0000000000000020 00007ff8aa56f8c2
0x000000d8a5efd420:   000002c2eacd3001 0000000100000000
0x000000d8a5efd430:   0000000000000001 0000000700000000
0x000000d8a5efd440:   000002c2ead9bbf0 000002c2c6e4f8b8
0x000000d8a5efd450:   000000d8a5efd870 000002c2eacd30d0
0x000000d8a5efd460:   0000000000000000 00007ff8aa56f9bb
0x000000d8a5efd470:   000000d8a5efd578 0000000000000000
0x000000d8a5efd480:   000002c2c6947b70 000002c2eacd30d0 

Instructions: (pc=0x00007ff956a6c1c4)
0x00007ff956a6c0c4:   00 00 03 72 2d 44 8b ce 48 8d 05 3d e0 01 00 ba
0x00007ff956a6c0d4:   2f 00 00 00 4e 8b 0c c8 48 8b 89 b0 02 00 00 4c
0x00007ff956a6c0e4:   8d 05 56 df 01 00 e8 51 50 ff ff 48 8b 0d ea 38
0x00007ff956a6c0f4:   02 00 48 3b cb 74 68 f6 81 bc 02 00 00 10 74 5f
0x00007ff956a6c104:   80 b9 b9 02 00 00 02 72 56 4c 8b 8c 24 90 00 00
0x00007ff956a6c114:   00 4c 8d 05 24 df 01 00 48 8b 89 b0 02 00 00 ba
0x00007ff956a6c124:   31 00 00 00 e8 13 50 ff ff eb 34 49 8b 0f 4c 8b
0x00007ff956a6c134:   c3 48 8b d6 e8 d3 63 00 00 48 8b 84 24 b0 00 00
0x00007ff956a6c144:   00 89 18 48 8b 0d 6a 4c 02 00 4c 8b c6 33 d2 ff
0x00007ff956a6c154:   15 97 50 01 00 eb 08 a8 02 75 04 c6 47 40 01 b8
0x00007ff956a6c164:   ff ff ff ff f0 0f c1 47 10 4c 8b b4 24 88 00 00
0x00007ff956a6c174:   00 83 f8 01 75 42 48 8b 4f 18 48 81 c1 70 01 00
0x00007ff956a6c184:   00 ff 15 1d 51 01 00 48 8b 0f 48 8b 47 08 48 89
0x00007ff956a6c194:   08 48 89 41 08 48 8b 4f 18 48 81 c1 70 01 00 00
0x00007ff956a6c1a4:   ff 15 06 51 01 00 48 8b 0d 07 4c 02 00 4c 8b c7
0x00007ff956a6c1b4:   33 d2 ff 15 34 50 01 00 48 8b 4d 20 48 8b 55 10
0x00007ff956a6c1c4:   48 8b 01 48 8b 80 08 01 00 00 ff 15 0c 51 01 00
0x00007ff956a6c1d4:   85 c0 74 40 48 8b 0d 01 38 02 00 48 8d 15 fa 37
0x00007ff956a6c1e4:   02 00 48 3b ca 74 2d f6 81 bc 02 00 00 10 74 24
0x00007ff956a6c1f4:   80 b9 b9 02 00 00 03 72 1b 48 8b 89 b0 02 00 00
0x00007ff956a6c204:   4c 8d 05 35 de 01 00 ba 15 00 00 00 44 8b c8 e8
0x00007ff956a6c214:   68 4e ff ff 48 8b 6c 24 78 48 8b b4 24 80 00 00
0x00007ff956a6c224:   00 48 83 c4 50 41 5f 5f 5b c3 cc cc 40 57 48 83
0x00007ff956a6c234:   ec 30 f6 81 78 01 00 00 04 48 8b f9 0f 85 87 02
0x00007ff956a6c244:   00 00 48 89 5c 24 40 45 33 c9 48 89 6c 24 48 33
0x00007ff956a6c254:   d2 48 89 74 24 50 48 8b 71 20 45 8d 41 32 48 8b
0x00007ff956a6c264:   ce 48 8b 06 48 8b 40 08 ff 15 6e 50 01 00 48 8d
0x00007ff956a6c274:   2d 67 37 02 00 85 c0 74 37 48 8b 0d 5c 37 02 00
0x00007ff956a6c284:   48 3b cd 74 2b f6 81 bc 02 00 00 10 74 22 80 b9
0x00007ff956a6c294:   b9 02 00 00 02 72 19 48 8b 89 b0 02 00 00 ba 11
0x00007ff956a6c2a4:   00 00 00 89 44 24 20 44 8d 4a 21 e8 7c dc ff ff
0x00007ff956a6c2b4:   48 8b 06 45 33 c9 33 d2 48 8b ce 48 8b 40 08 45 


Stack slot to memory mapping:

stack at sp + 0 slots: 0x000002c2c6948a20 points into unknown readable memory: 0x756365732f6e7573 | 73 75 6e 2f 73 65 63 75
stack at sp + 1 slots: 0x000002c2eadbe920 points into unknown readable memory: 0x00007ff8aabaeac0 | c0 ea ba aa f8 7f 00 00
stack at sp + 2 slots: 0x0 is null
stack at sp + 3 slots: 0x000002c2eadbe920 points into unknown readable memory: 0x00007ff8aabaeac0 | c0 ea ba aa f8 7f 00 00
stack at sp + 4 slots: 0x0 is null
stack at sp + 5 slots: 0x0 is null
stack at sp + 6 slots: 0x000002c2c6e4f8b8 points into unknown readable memory: 0x757300245b5dffff | ff ff 5d 5b 24 00 73 75
stack at sp + 7 slots: 0x000002c2d5c9f8d0 points into unknown readable memory: 0x000002c2d5c0f100 | 00 f1 c0 d5 c2 02 00 00

new  187 new  [0x000002c2dd11aa60, 0x000002c2dd11ac68]  520 bytes
[MachCode]
  0x000002c2dd11aa60: 4883 ec08 | c5fa 1104 | 24eb 1f48 | 83ec 10c5 | fb11 0424 | eb14 4883 | ec10 4889 | 0424 48c7 
  0x000002c2dd11aa80: 4424 0800 | 0000 00eb | 0150 410f | b755 010f | cac1 ea10 | 488b 4de8 | 488b 4908 | 488b 4908 
  0x000002c2dd11aaa0: 488b 4108 | 807c 1004 | 070f 85d3 | 0000 0066 | 8b54 d148 | 488b 4928 | 488b 4cd1 | 0851 80b9 
  0x000002c2dd11aac0: 2001 0000 | 050f 85b6 | 0000 008b | 5108 f6c2 | 010f 85aa | 0000 0049 | 8b87 b801 | 0000 488d 
  0x000002c2dd11aae0: 1c10 493b | 9fc8 0100 | 000f 8792 | 0000 0049 | 899f b801 | 0000 4883 | ea10 0f84 | 0f00 0000 
  0x000002c2dd11ab00: 33c9 c1ea | 0348 894c | d008 48ff | ca75 f648 | c700 0100 | 0000 5933 | f689 700c | 49ba 0000 
  0x000002c2dd11ab20: 0080 c202 | 0000 492b | ca89 4808 | 49ba ad40 | c1aa f87f | 0000 4180 | 3a00 0f84 | 3c00 0000 
  0x000002c2dd11ab40: 5048 8bc8 | 4883 ec20 | 40f6 c40f | 0f84 1900 | 0000 4883 | ec08 48b8 | 40b6 71aa | f87f 0000 
  0x000002c2dd11ab60: ffd0 4883 | c408 e90c | 0000 0048 | b840 b671 | aaf8 7f00 | 00ff d048 | 83c4 2058 | e9cb 0000 
  0x000002c2dd11ab80: 0059 488b | 55e8 488b | 5208 488b | 5208 450f | b745 0141 | 0fc8 41c1 | e810 e805 | 0000 00e9 
  0x000002c2dd11aba0: a800 0000 | 488d 4424 | 084c 896d | c049 8bcf | c5f8 7749 | 89af b003 | 0000 4989 | 87a0 0300 
  0x000002c2dd11abc0: 0048 83ec | 2040 f6c4 | 0f0f 8419 | 0000 0048 | 83ec 0848 | b850 9a3a | aaf8 7f00 | 00ff d048 
  0x000002c2dd11abe0: 83c4 08e9 | 0c00 0000 | 48b8 509a | 3aaa f87f | 0000 ffd0 | 4883 c420 | 49c7 87a0 | 0300 0000 
  0x000002c2dd11ac00: 0000 0049 | c787 b003 | 0000 0000 | 0000 49c7 | 87a8 0300 | 0000 0000 | 00c5 f877 | 4983 7f08 
  0x000002c2dd11ac20: 000f 8405 | 0000 00e9 | d462 feff | 498b 87f8 | 0300 0049 | c787 f803 | 0000 0000 | 0000 4c8b 
  0x000002c2dd11ac40: 6dc0 4c8b | 75c8 4e8d | 74f5 00c3 | 410f b65d | 0349 83c5 | 0349 baf0 | 09c5 aaf8 | 7f00 0041 
  0x000002c2dd11ac60: ff24 da0f | 1f44 0000 
[/MachCode]

---------------  P R O C E S S  ---------------

Threads class SMR info:
_java_thread_list=0x000002c2ca983720, length=21, elements={
0x000002c2cc006d20, 0x000002c2eadbd640, 0x000002c2eadbe560, 0x000002c2eadc4180,
0x000002c2eadc6390, 0x000002c2eadd0f10, 0x000002c2eadd60d0, 0x000002c2eadde6e0,
0x000002c2c10825c0, 0x000002c2c1193c20, 0x000002c2c11fc3c0, 0x000002c2c129e4c0,
0x000002c2c16a9ad0, 0x000002c2c64f0820, 0x000002c2c64964f0, 0x000002c2c631ba70,
0x000002c2c8e93f10, 0x000002c2c8e94c30, 0x000002c2c1b79d40, 0x000002c2c6611370,
0x000002c2c11a3980
}

Java Threads: ( => current thread )
  0x000002c2cc006d20 JavaThread "main"                              [_thread_blocked, id=29136, stack(0x000000d8a5500000,0x000000d8a5600000) (1024K)]
  0x000002c2eadbd640 JavaThread "Reference Handler"          daemon [_thread_blocked, id=22316, stack(0x000000d8a5d00000,0x000000d8a5e00000) (1024K)]
=>0x000002c2eadbe560 JavaThread "Finalizer"                  daemon [_thread_in_native, id=29668, stack(0x000000d8a5e00000,0x000000d8a5f00000) (1024K)]
  0x000002c2eadc4180 JavaThread "Signal Dispatcher"          daemon [_thread_blocked, id=28436, stack(0x000000d8a5f00000,0x000000d8a6000000) (1024K)]
  0x000002c2eadc6390 JavaThread "Attach Listener"            daemon [_thread_blocked, id=25068, stack(0x000000d8a6000000,0x000000d8a6100000) (1024K)]
  0x000002c2eadd0f10 JavaThread "Service Thread"             daemon [_thread_blocked, id=20024, stack(0x000000d8a6100000,0x000000d8a6200000) (1024K)]
  0x000002c2eadd60d0 JavaThread "Monitor Deflation Thread"   daemon [_thread_blocked, id=28644, stack(0x000000d8a6200000,0x000000d8a6300000) (1024K)]
  0x000002c2eadde6e0 JavaThread "C2 CompilerThread0"         daemon [_thread_blocked, id=28204, stack(0x000000d8a6300000,0x000000d8a6400000) (1024K)]
  0x000002c2c10825c0 JavaThread "C1 CompilerThread0"         daemon [_thread_blocked, id=25900, stack(0x000000d8a6400000,0x000000d8a6500000) (1024K)]
  0x000002c2c1193c20 JavaThread "Common-Cleaner"             daemon [_thread_blocked, id=22068, stack(0x000000d8a6500000,0x000000d8a6600000) (1024K)]
  0x000002c2c11fc3c0 JavaThread "C2 CompilerThread1"         daemon [_thread_blocked, id=9268, stack(0x000000d8a6900000,0x000000d8a6a00000) (1024K)]
  0x000002c2c129e4c0 JavaThread "C2 CompilerThread2"         daemon [_thread_blocked, id=24924, stack(0x000000d8a6a00000,0x000000d8a6b00000) (1024K)]
  0x000002c2c16a9ad0 JavaThread "C2 CompilerThread3"         daemon [_thread_blocked, id=27572, stack(0x000000d8a6b00000,0x000000d8a6c00000) (1024K)]
  0x000002c2c64f0820 JavaThread "Monitor Ctrl-Break"         daemon [_thread_in_native, id=640, stack(0x000000d8a7100000,0x000000d8a7200000) (1024K)]
  0x000002c2c64964f0 JavaThread "Notification Thread"        daemon [_thread_blocked, id=28792, stack(0x000000d8a7200000,0x000000d8a7300000) (1024K)]
  0x000002c2c631ba70 JavaThread "C2 CompilerThread4"         daemon [_thread_blocked, id=29104, stack(0x000000d8a7300000,0x000000d8a7400000) (1024K)]
  0x000002c2c8e93f10 JavaThread "ForkJoinPool.commonPool-worker-1" daemon [_thread_blocked, id=23656, stack(0x000000d8a8000000,0x000000d8a8100000) (1024K)]
  0x000002c2c8e94c30 JavaThread "ForkJoinPool.commonPool-worker-2" daemon [_thread_blocked, id=8412, stack(0x000000d8a8100000,0x000000d8a8200000) (1024K)]
  0x000002c2c1b79d40 JavaThread "C1 CompilerThread1"         daemon [_thread_blocked, id=21884, stack(0x000000d8a6600000,0x000000d8a6700000) (1024K)]
  0x000002c2c6611370 JavaThread "C2 CompilerThread5"         daemon [_thread_blocked, id=17844, stack(0x000000d8a6700000,0x000000d8a6800000) (1024K)]
  0x000002c2c11a3980 JavaThread "C1 CompilerThread2"         daemon [_thread_blocked, id=17196, stack(0x000000d8a6800000,0x000000d8a6900000) (1024K)]
Total: 21

Other Threads:
  0x000002c2ead9c830 VMThread "VM Thread"                           [id=28832, stack(0x000000d8a5c00000,0x000000d8a5d00000) (1024K)] _threads_hazard_ptr=0x000002c2ca983720
  0x000002c2eabff810 WorkerThread "GC Thread#0"                     [id=27712, stack(0x000000d8a5600000,0x000000d8a5700000) (1024K)]
  0x000002c2c6336170 WorkerThread "GC Thread#1"                     [id=28844, stack(0x000000d8a6c00000,0x000000d8a6d00000) (1024K)]
  0x000002c2c60c8e40 WorkerThread "GC Thread#2"                     [id=29340, stack(0x000000d8a6d00000,0x000000d8a6e00000) (1024K)]
  0x000002c2c6300b90 WorkerThread "GC Thread#3"                     [id=18048, stack(0x000000d8a6e00000,0x000000d8a6f00000) (1024K)]
  0x000002c2c6300f40 WorkerThread "GC Thread#4"                     [id=22696, stack(0x000000d8a6f00000,0x000000d8a7000000) (1024K)]
  0x000002c2c63012f0 WorkerThread "GC Thread#5"                     [id=11708, stack(0x000000d8a7000000,0x000000d8a7100000) (1024K)]
  0x000002c2c72d1770 WorkerThread "GC Thread#6"                     [id=27836, stack(0x000000d8a7500000,0x000000d8a7600000) (1024K)]
  0x000002c2c72d1010 WorkerThread "GC Thread#7"                     [id=28996, stack(0x000000d8a7600000,0x000000d8a7700000) (1024K)]
  0x000002c2c6aa1cb0 WorkerThread "GC Thread#8"                     [id=20556, stack(0x000000d8a7700000,0x000000d8a7800000) (1024K)]
  0x000002c2c6a9ecc0 WorkerThread "GC Thread#9"                     [id=23836, stack(0x000000d8a7800000,0x000000d8a7900000) (1024K)]
  0x000002c2c6a9f420 WorkerThread "GC Thread#10"                    [id=29404, stack(0x000000d8a7900000,0x000000d8a7a00000) (1024K)]
  0x000002c2c6a9fb80 WorkerThread "GC Thread#11"                    [id=15780, stack(0x000000d8a7a00000,0x000000d8a7b00000) (1024K)]
  0x000002c2c6a9ff30 WorkerThread "GC Thread#12"                    [id=26692, stack(0x000000d8a7b00000,0x000000d8a7c00000) (1024K)]
  0x000002c2eac007d0 ConcurrentGCThread "G1 Main Marker"            terminated
  0x000002c2cc05df70 WorkerThread "G1 Conc#0"                       [id=29532, stack(0x000000d8a5800000,0x000000d8a5900000) (1024K)]
  0x000002c2c6aa2060 WorkerThread "G1 Conc#1"                       [id=22592, stack(0x000000d8a7e00000,0x000000d8a7f00000) (1024K)]
  0x000002c2c6aa0690 WorkerThread "G1 Conc#2"                       [id=2328, stack(0x000000d8a7f00000,0x000000d8a8000000) (1024K)]
  0x000002c2eacd1000 ConcurrentGCThread "G1 Refine#0"               terminated
  0x000002c2eacd1b80 ConcurrentGCThread "G1 Service"                terminated
Total: 20

Threads with active compile tasks:
Total: 0

VM state: at safepoint (normal execution)

VM Mutex/Monitor currently owned by a thread:  ([mutex/lock_event])
[0x00007ff8aac3cbc8] Threads_lock - owner thread: 0x000002c2ead9c830
[0x00007ff8aac3ccc8] Heap_lock - owner thread: 0x000002c2cc006d20

Heap address: 0x0000000704400000, size: 4028 MB, Compressed Oops mode: Zero based, Oop shift amount: 3

CDS archive(s) mapped at: [0x000002c280000000-0x000002c280c50000-0x000002c280c50000), size 12910592, SharedBaseAddress: 0x000002c280000000, ArchiveRelocationMode: 1.
Compressed class space mapped at: 0x000002c281000000-0x000002c2c1000000, reserved size: 1073741824
Narrow klass base: 0x000002c280000000, Narrow klass shift: 0, Narrow klass range: 0x41000000

GC Precious Log:
 CardTable entry size: 512
 Card Set container configuration: InlinePtr #cards 4 size 8 Array Of Cards #cards 16 size 48 Howl #buckets 8 coarsen threshold 3686 Howl Bitmap #cards 512 size 80 coarsen threshold 460 Card regions per heap region 1 cards per card region 4096
 CPUs: 16 total, 16 available
 Memory: 16108M
 Large Page Support: Disabled
 NUMA Support: Disabled
 Compressed Oops: Enabled (Zero based)
 Heap Region Size: 2M
 Heap Min Capacity: 8M
 Heap Initial Capacity: 252M
 Heap Max Capacity: 4028M
 Pre-touch: Disabled
 Parallel Workers: 13
 Concurrent Workers: 3
 Concurrent Refinement Workers: 13
 Periodic GC: Disabled

Heap:
 garbage-first heap   total reserved 4124672K, committed 182272K, used 73876K [0x0000000704400000, 0x0000000800000000)
  region size 2048K, 6 young (12288K), 5 survivors (10240K)
 Metaspace       used 41928K, committed 42688K, reserved 1114112K
  class space    used 4670K, committed 4992K, reserved 1048576K

Heap Regions: E=young(eden), S=young(survivor), O=old, HS=humongous(starts), HC=humongous(continues), CS=collection set, F=free, TAMS=top-at-mark-start, PB=parsable bottom
|   0|0x0000000704400000, 0x0000000704600000, 0x0000000704600000|100%| O|  |TAMS 0x0000000704400000| PB 0x0000000704400000| Untracked |  0
|   1|0x0000000704600000, 0x0000000704800000, 0x0000000704800000|100%| O|  |TAMS 0x0000000704600000| PB 0x0000000704600000| Untracked |  0
|   2|0x0000000704800000, 0x0000000704a00000, 0x0000000704a00000|100%| O|  |TAMS 0x0000000704800000| PB 0x0000000704800000| Untracked |  0
|   3|0x0000000704a00000, 0x0000000704c00000, 0x0000000704c00000|100%| O|  |TAMS 0x0000000704a00000| PB 0x0000000704a00000| Untracked |  0
|   4|0x0000000704c00000, 0x0000000704e00000, 0x0000000704e00000|100%| O|  |TAMS 0x0000000704c00000| PB 0x0000000704c00000| Untracked |  0
|   5|0x0000000704e00000, 0x0000000705000000, 0x0000000705000000|100%| O|  |TAMS 0x0000000704e00000| PB 0x0000000704e00000| Untracked |  0
|   6|0x0000000705000000, 0x0000000705200000, 0x0000000705200000|100%| O|  |TAMS 0x0000000705000000| PB 0x0000000705000000| Untracked |  0
|   7|0x0000000705200000, 0x0000000705400000, 0x0000000705400000|100%| O|  |TAMS 0x0000000705200000| PB 0x0000000705200000| Untracked |  0
|   8|0x0000000705400000, 0x0000000705600000, 0x0000000705600000|100%| O|  |TAMS 0x0000000705400000| PB 0x0000000705400000| Untracked |  0
|   9|0x0000000705600000, 0x0000000705800000, 0x0000000705800000|100%| O|  |TAMS 0x0000000705600000| PB 0x0000000705600000| Untracked |  0
|  10|0x0000000705800000, 0x0000000705a00000, 0x0000000705a00000|100%| O|  |TAMS 0x0000000705800000| PB 0x0000000705800000| Untracked |  0
|  11|0x0000000705a00000, 0x0000000705c00000, 0x0000000705c00000|100%| O|  |TAMS 0x0000000705a00000| PB 0x0000000705a00000| Untracked |  0
|  12|0x0000000705c00000, 0x0000000705e00000, 0x0000000705e00000|100%| O|Cm|TAMS 0x0000000705c00000| PB 0x0000000705c00000| Complete |  0
|  13|0x0000000705e00000, 0x0000000706000000, 0x0000000706000000|100%| O|  |TAMS 0x0000000705e00000| PB 0x0000000705e00000| Untracked |  0
|  14|0x0000000706000000, 0x0000000706200000, 0x0000000706200000|100%| O|  |TAMS 0x0000000706000000| PB 0x0000000706000000| Untracked |  0
|  15|0x0000000706200000, 0x0000000706400000, 0x0000000706400000|100%| O|  |TAMS 0x0000000706200000| PB 0x0000000706200000| Untracked |  0
|  16|0x0000000706400000, 0x0000000706600000, 0x0000000706600000|100%| O|  |TAMS 0x0000000706400000| PB 0x0000000706400000| Untracked |  0
|  17|0x0000000706600000, 0x0000000706800000, 0x0000000706800000|100%| O|  |TAMS 0x0000000706600000| PB 0x0000000706600000| Untracked |  0
|  18|0x0000000706800000, 0x0000000706a00000, 0x0000000706a00000|100%| O|  |TAMS 0x0000000706800000| PB 0x0000000706800000| Untracked |  0
|  19|0x0000000706a00000, 0x0000000706c00000, 0x0000000706c00000|100%| O|  |TAMS 0x0000000706a00000| PB 0x0000000706a00000| Untracked |  0
|  20|0x0000000706c00000, 0x0000000706e00000, 0x0000000706e00000|100%| O|  |TAMS 0x0000000706c00000| PB 0x0000000706c00000| Untracked |  0
|  21|0x0000000706e00000, 0x0000000707000000, 0x0000000707000000|100%| O|  |TAMS 0x0000000706e00000| PB 0x0000000706e00000| Untracked |  0
|  22|0x0000000707000000, 0x0000000707200000, 0x0000000707200000|100%| O|  |TAMS 0x0000000707000000| PB 0x0000000707000000| Untracked |  0
|  23|0x0000000707200000, 0x0000000707400000, 0x0000000707400000|100%| O|  |TAMS 0x0000000707200000| PB 0x0000000707200000| Untracked |  0
|  24|0x0000000707400000, 0x0000000707600000, 0x0000000707600000|100%| O|  |TAMS 0x0000000707400000| PB 0x0000000707400000| Untracked |  0
|  25|0x0000000707600000, 0x0000000707800000, 0x0000000707800000|100%| O|  |TAMS 0x0000000707600000| PB 0x0000000707600000| Untracked |  0
|  26|0x0000000707800000, 0x0000000707a00000, 0x0000000707a00000|100%| O|  |TAMS 0x0000000707800000| PB 0x0000000707800000| Untracked |  0
|  27|0x0000000707a00000, 0x0000000707c00000, 0x0000000707c00000|100%| O|  |TAMS 0x0000000707a00000| PB 0x0000000707a00000| Untracked |  0
|  28|0x0000000707c00000, 0x0000000707e00000, 0x0000000707e00000|100%| O|  |TAMS 0x0000000707c00000| PB 0x0000000707c00000| Untracked |  0
|  29|0x0000000707e00000, 0x0000000708000000, 0x0000000708000000|100%| O|  |TAMS 0x0000000707e00000| PB 0x0000000707e00000| Untracked |  0
|  30|0x0000000708000000, 0x0000000708079a20, 0x0000000708200000| 23%| O|  |TAMS 0x0000000708000000| PB 0x0000000708000000| Untracked |  0
|  31|0x0000000708200000, 0x0000000708400000, 0x0000000708400000|100%| O|Cm|TAMS 0x0000000708200000| PB 0x0000000708200000| Complete |  0
|  32|0x0000000708400000, 0x0000000708400000, 0x0000000708600000|  0%| F|  |TAMS 0x0000000708400000| PB 0x0000000708400000| Untracked |  0
|  33|0x0000000708600000, 0x0000000708600000, 0x0000000708800000|  0%| F|  |TAMS 0x0000000708600000| PB 0x0000000708600000| Untracked |  0
|  34|0x0000000708800000, 0x0000000708800000, 0x0000000708a00000|  0%| F|  |TAMS 0x0000000708800000| PB 0x0000000708800000| Untracked |  0
|  35|0x0000000708a00000, 0x0000000708a00000, 0x0000000708c00000|  0%| F|  |TAMS 0x0000000708a00000| PB 0x0000000708a00000| Untracked |  0
|  36|0x0000000708c00000, 0x0000000708c00000, 0x0000000708e00000|  0%| F|  |TAMS 0x0000000708c00000| PB 0x0000000708c00000| Untracked |  0
|  37|0x0000000708e00000, 0x0000000708e00000, 0x0000000709000000|  0%| F|  |TAMS 0x0000000708e00000| PB 0x0000000708e00000| Untracked |  0
|  38|0x0000000709000000, 0x0000000709000000, 0x0000000709200000|  0%| F|  |TAMS 0x0000000709000000| PB 0x0000000709000000| Untracked |  0
|  39|0x0000000709200000, 0x0000000709200000, 0x0000000709400000|  0%| F|  |TAMS 0x0000000709200000| PB 0x0000000709200000| Untracked |  0
|  40|0x0000000709400000, 0x0000000709400000, 0x0000000709600000|  0%| F|  |TAMS 0x0000000709400000| PB 0x0000000709400000| Untracked |  0
|  41|0x0000000709600000, 0x00000007097ab920, 0x0000000709800000| 83%| S|CS|TAMS 0x0000000709600000| PB 0x0000000709600000| Complete |  0
|  42|0x0000000709800000, 0x0000000709a00000, 0x0000000709a00000|100%| S|CS|TAMS 0x0000000709800000| PB 0x0000000709800000| Complete |  0
|  43|0x0000000709a00000, 0x0000000709c00000, 0x0000000709c00000|100%| S|CS|TAMS 0x0000000709a00000| PB 0x0000000709a00000| Complete |  0
|  44|0x0000000709c00000, 0x0000000709e00000, 0x0000000709e00000|100%| S|CS|TAMS 0x0000000709c00000| PB 0x0000000709c00000| Complete |  0
|  45|0x0000000709e00000, 0x000000070a000000, 0x000000070a000000|100%| S|CS|TAMS 0x0000000709e00000| PB 0x0000000709e00000| Complete |  0
|  46|0x000000070a000000, 0x000000070a000000, 0x000000070a200000|  0%| F|  |TAMS 0x000000070a000000| PB 0x000000070a000000| Untracked |  0
|  47|0x000000070a200000, 0x000000070a200000, 0x000000070a400000|  0%| F|  |TAMS 0x000000070a200000| PB 0x000000070a200000| Untracked |  0
|  48|0x000000070a400000, 0x000000070a400000, 0x000000070a600000|  0%| F|  |TAMS 0x000000070a400000| PB 0x000000070a400000| Untracked |  0
|  49|0x000000070a600000, 0x000000070a600000, 0x000000070a800000|  0%| F|  |TAMS 0x000000070a600000| PB 0x000000070a600000| Untracked |  0
|  50|0x000000070a800000, 0x000000070a800000, 0x000000070aa00000|  0%| F|  |TAMS 0x000000070a800000| PB 0x000000070a800000| Untracked |  0
|  51|0x000000070aa00000, 0x000000070aa00000, 0x000000070ac00000|  0%| F|  |TAMS 0x000000070aa00000| PB 0x000000070aa00000| Untracked |  0
|  52|0x000000070ac00000, 0x000000070ac00000, 0x000000070ae00000|  0%| F|  |TAMS 0x000000070ac00000| PB 0x000000070ac00000| Untracked |  0
|  53|0x000000070ae00000, 0x000000070ae00000, 0x000000070b000000|  0%| F|  |TAMS 0x000000070ae00000| PB 0x000000070ae00000| Untracked |  0
|  54|0x000000070b000000, 0x000000070b000000, 0x000000070b200000|  0%| F|  |TAMS 0x000000070b000000| PB 0x000000070b000000| Untracked |  0
|  55|0x000000070b200000, 0x000000070b200000, 0x000000070b400000|  0%| F|  |TAMS 0x000000070b200000| PB 0x000000070b200000| Untracked |  0
|  56|0x000000070b400000, 0x000000070b400000, 0x000000070b600000|  0%| F|  |TAMS 0x000000070b400000| PB 0x000000070b400000| Untracked |  0
|  57|0x000000070b600000, 0x000000070b600000, 0x000000070b800000|  0%| F|  |TAMS 0x000000070b600000| PB 0x000000070b600000| Untracked |  0
|  58|0x000000070b800000, 0x000000070b800000, 0x000000070ba00000|  0%| F|  |TAMS 0x000000070b800000| PB 0x000000070b800000| Untracked |  0
|  59|0x000000070ba00000, 0x000000070ba00000, 0x000000070bc00000|  0%| F|  |TAMS 0x000000070ba00000| PB 0x000000070ba00000| Untracked |  0
|  60|0x000000070bc00000, 0x000000070bc00000, 0x000000070be00000|  0%| F|  |TAMS 0x000000070bc00000| PB 0x000000070bc00000| Untracked |  0
|  61|0x000000070be00000, 0x000000070be00000, 0x000000070c000000|  0%| F|  |TAMS 0x000000070be00000| PB 0x000000070be00000| Untracked |  0
|  62|0x000000070c000000, 0x000000070c000000, 0x000000070c200000|  0%| F|  |TAMS 0x000000070c000000| PB 0x000000070c000000| Untracked |  0
|  63|0x000000070c200000, 0x000000070c200000, 0x000000070c400000|  0%| F|  |TAMS 0x000000070c200000| PB 0x000000070c200000| Untracked |  0
|  64|0x000000070c400000, 0x000000070c400000, 0x000000070c600000|  0%| F|  |TAMS 0x000000070c400000| PB 0x000000070c400000| Untracked |  0
|  65|0x000000070c600000, 0x000000070c600000, 0x000000070c800000|  0%| F|  |TAMS 0x000000070c600000| PB 0x000000070c600000| Untracked |  0
|  66|0x000000070c800000, 0x000000070c800000, 0x000000070ca00000|  0%| F|  |TAMS 0x000000070c800000| PB 0x000000070c800000| Untracked |  0
|  67|0x000000070ca00000, 0x000000070ca00000, 0x000000070cc00000|  0%| F|  |TAMS 0x000000070ca00000| PB 0x000000070ca00000| Untracked |  0
|  68|0x000000070cc00000, 0x000000070cc00000, 0x000000070ce00000|  0%| F|  |TAMS 0x000000070cc00000| PB 0x000000070cc00000| Untracked |  0
|  69|0x000000070ce00000, 0x000000070ce00000, 0x000000070d000000|  0%| F|  |TAMS 0x000000070ce00000| PB 0x000000070ce00000| Untracked |  0
|  70|0x000000070d000000, 0x000000070d000000, 0x000000070d200000|  0%| F|  |TAMS 0x000000070d000000| PB 0x000000070d000000| Untracked |  0
|  71|0x000000070d200000, 0x000000070d200000, 0x000000070d400000|  0%| F|  |TAMS 0x000000070d200000| PB 0x000000070d200000| Untracked |  0
|  72|0x000000070d400000, 0x000000070d400000, 0x000000070d600000|  0%| F|  |TAMS 0x000000070d400000| PB 0x000000070d400000| Untracked |  0
|  73|0x000000070d600000, 0x000000070d600000, 0x000000070d800000|  0%| F|  |TAMS 0x000000070d600000| PB 0x000000070d600000| Untracked |  0
|  74|0x000000070d800000, 0x000000070d800000, 0x000000070da00000|  0%| F|  |TAMS 0x000000070d800000| PB 0x000000070d800000| Untracked |  0
|  75|0x000000070da00000, 0x000000070da00000, 0x000000070dc00000|  0%| F|  |TAMS 0x000000070da00000| PB 0x000000070da00000| Untracked |  0
|  76|0x000000070dc00000, 0x000000070dc00000, 0x000000070de00000|  0%| F|  |TAMS 0x000000070dc00000| PB 0x000000070dc00000| Untracked |  0
|  77|0x000000070de00000, 0x000000070de00000, 0x000000070e000000|  0%| F|  |TAMS 0x000000070de00000| PB 0x000000070de00000| Untracked |  0
|  78|0x000000070e000000, 0x000000070e000000, 0x000000070e200000|  0%| F|  |TAMS 0x000000070e000000| PB 0x000000070e000000| Untracked |  0
|  79|0x000000070e200000, 0x000000070e200000, 0x000000070e400000|  0%| F|  |TAMS 0x000000070e200000| PB 0x000000070e200000| Untracked |  0
|  80|0x000000070e400000, 0x000000070e400000, 0x000000070e600000|  0%| F|  |TAMS 0x000000070e400000| PB 0x000000070e400000| Untracked |  0
|  81|0x000000070e600000, 0x000000070e600000, 0x000000070e800000|  0%| F|  |TAMS 0x000000070e600000| PB 0x000000070e600000| Untracked |  0
|  82|0x000000070e800000, 0x000000070e800000, 0x000000070ea00000|  0%| F|  |TAMS 0x000000070e800000| PB 0x000000070e800000| Untracked |  0
| 111|0x0000000712200000, 0x0000000712200000, 0x0000000712400000|  0%| F|  |TAMS 0x0000000712200000| PB 0x0000000712200000| Untracked |  0
| 112|0x0000000712400000, 0x0000000712400000, 0x0000000712600000|  0%| F|  |TAMS 0x0000000712400000| PB 0x0000000712400000| Untracked |  0
| 113|0x0000000712600000, 0x0000000712600000, 0x0000000712800000|  0%| F|  |TAMS 0x0000000712600000| PB 0x0000000712600000| Untracked |  0
| 114|0x0000000712800000, 0x0000000712800000, 0x0000000712a00000|  0%| F|  |TAMS 0x0000000712800000| PB 0x0000000712800000| Untracked |  0
| 115|0x0000000712a00000, 0x0000000712a00000, 0x0000000712c00000|  0%| F|  |TAMS 0x0000000712a00000| PB 0x0000000712a00000| Untracked |  0
| 125|0x0000000713e00000, 0x0000000713f13cd0, 0x0000000714000000| 53%| E|  |TAMS 0x0000000713e00000| PB 0x0000000713e00000| Complete |  0

Card table byte_map: [0x000002c2e6440000,0x000002c2e6c20000] _byte_map_base: 0x000002c2e2c1e000

Marking Bits: (CMBitMap*) 0x000002c2eabfff20
 Bits: [0x000002c2e6c20000, 0x000002c2eab10000)

Polling page: 0x000002c2cb9c0000

Metaspace:

Usage:
  Non-class:     36.38 MB used.
      Class:      4.56 MB used.
       Both:     40.95 MB used.

Virtual space:
  Non-class space:       64.00 MB reserved,      36.81 MB ( 58%) committed,  1 nodes.
      Class space:        1.00 GB reserved,       4.88 MB ( <1%) committed,  1 nodes.
             Both:        1.06 GB reserved,      41.69 MB (  4%) committed. 

Chunk freelists:
   Non-Class:  10.81 MB
       Class:  11.13 MB
        Both:  21.95 MB

MaxMetaspaceSize: unlimited
CompressedClassSpaceSize: 1.00 GB
Initial GC threshold: 21.00 MB
Current GC threshold: 59.94 MB
CDS: on
 - commit_granule_bytes: 65536.
 - commit_granule_words: 8192.
 - virtual_space_node_default_size: 8388608.
 - enlarge_chunks_in_place: 1.
 - use_allocation_guard: 0.


Internal statistics:

num_allocs_failed_limit: 12.
num_arena_births: 934.
num_arena_deaths: 2.
num_vsnodes_births: 2.
num_vsnodes_deaths: 0.
num_space_committed: 667.
num_space_uncommitted: 0.
num_chunks_returned_to_freelist: 14.
num_chunks_taken_from_freelist: 2214.
num_chunk_merges: 3.
num_chunk_splits: 1420.
num_chunks_enlarged: 897.
num_inconsistent_stats: 0.

CodeHeap 'non-profiled nmethods': size=119168Kb used=5093Kb max_used=5093Kb free=114074Kb
 bounds [0x000002c2dd850000, 0x000002c2ddd50000, 0x000002c2e4cb0000]
CodeHeap 'profiled nmethods': size=119104Kb used=14742Kb max_used=14742Kb free=104361Kb
 bounds [0x000002c2d5cb0000, 0x000002c2d6b20000, 0x000002c2dd100000]
CodeHeap 'non-nmethods': size=7488Kb used=3945Kb max_used=4470Kb free=3542Kb
 bounds [0x000002c2dd100000, 0x000002c2dd570000, 0x000002c2dd850000]
 total_blobs=7760 nmethods=6834 adapters=828
 compilation: enabled
              stopped_count=0, restarted_count=0
 full_count=0

Compilation events (20 events):
Event: 6.095 Thread 0x000002c2c11a3980 7533       3       io.qameta.allure.internal.shadowed.jackson.databind.type.TypeFactory::_fromClass (315 bytes)
Event: 6.095 Thread 0x000002c2c10825c0 7534       3       java.lang.invoke.MethodHandles$Lookup::getDirectMethod (18 bytes)
Event: 6.095 Thread 0x000002c2c10825c0 nmethod 7534 0x000002c2d6b0e990 code [0x000002c2d6b0eb40, 0x000002c2d6b0ec90]
Event: 6.095 Thread 0x000002c2c1b79d40 7535       3       io.qameta.allure.internal.shadowed.jackson.databind.util.internal.PrivateMaxEntriesMap$Node::getNext (5 bytes)
Event: 6.095 Thread 0x000002c2c1b79d40 nmethod 7535 0x000002c2d6b0ed90 code [0x000002c2d6b0ef20, 0x000002c2d6b0f048]
Event: 6.096 Thread 0x000002c2c11a3980 nmethod 7533 0x000002c2d6b0f110 code [0x000002c2d6b0f5a0, 0x000002c2d6b11650]
Event: 6.099 Thread 0x000002c2c1b79d40 7536       1       io.qameta.allure.internal.shadowed.jackson.databind.util.TypeKey::hashCode (5 bytes)
Event: 6.099 Thread 0x000002c2c1b79d40 nmethod 7536 0x000002c2ddd48f10 code [0x000002c2ddd490a0, 0x000002c2ddd49168]
Event: 6.101 Thread 0x000002c2c1b79d40 7538       3       java.lang.invoke.MethodHandles::argumentsWithCombinerChecks (197 bytes)
Event: 6.101 Thread 0x000002c2c11a3980 7537       3       java.lang.invoke.MethodHandles::argumentsWithCombiner (130 bytes)
Event: 6.101 Thread 0x000002c2c11a3980 nmethod 7537 0x000002c2d6b12290 code [0x000002c2d6b12540, 0x000002c2d6b13420]
Event: 6.112 Thread 0x000002c2c1b79d40 nmethod 7538 0x000002c2d6b13b10 code [0x000002c2d6b13f40, 0x000002c2d6b15818]
Event: 6.112 Thread 0x000002c2c11a3980 7539       3       java.util.Collections$3::hasMoreElements (10 bytes)
Event: 6.112 Thread 0x000002c2c10825c0 7540       3       java.util.Collections$3::nextElement (10 bytes)
Event: 6.112 Thread 0x000002c2c1b79d40 7541       3       java.util.logging.LogManager$LoggerContext::getGlobalLogger (6 bytes)
Event: 6.112 Thread 0x000002c2c11a3980 nmethod 7539 0x000002c2d6b16310 code [0x000002c2d6b164c0, 0x000002c2d6b166a0]
Event: 6.112 Thread 0x000002c2c10825c0 nmethod 7540 0x000002c2d6b16790 code [0x000002c2d6b16940, 0x000002c2d6b16b20]
Event: 6.112 Thread 0x000002c2c1b79d40 nmethod 7541 0x000002c2d6b16c10 code [0x000002c2d6b16da0, 0x000002c2d6b16eb8]
Event: 6.112 Thread 0x000002c2c10825c0 7542       1       java.util.concurrent.CopyOnWriteArrayList::getArray (5 bytes)
Event: 6.112 Thread 0x000002c2c10825c0 nmethod 7542 0x000002c2ddd49210 code [0x000002c2ddd493a0, 0x000002c2ddd49470]

GC Heap History (20 events):
Event: 0.424 GC heap before
{Heap before GC invocations=0 (full 0):
 garbage-first heap   total reserved 4124672K, committed 258048K, used 22528K [0x0000000704400000, 0x0000000800000000)
  region size 2048K, 12 young (24576K), 0 survivors (0K)
 Metaspace       used 6070K, committed 6208K, reserved 1114112K
  class space    used 571K, committed 640K, reserved 1048576K
}
Event: 0.426 GC heap after
{Heap after GC invocations=1 (full 0):
 garbage-first heap   total reserved 4124672K, committed 258048K, used 5818K [0x0000000704400000, 0x0000000800000000)
  region size 2048K, 2 young (4096K), 2 survivors (4096K)
 Metaspace       used 6070K, committed 6208K, reserved 1114112K
  class space    used 571K, committed 640K, reserved 1048576K
}
Event: 0.860 GC heap before
{Heap before GC invocations=1 (full 0):
 garbage-first heap   total reserved 4124672K, committed 258048K, used 42682K [0x0000000704400000, 0x0000000800000000)
  region size 2048K, 20 young (40960K), 2 survivors (4096K)
 Metaspace       used 10517K, committed 10688K, reserved 1114112K
  class space    used 985K, committed 1088K, reserved 1048576K
}
Event: 0.865 GC heap after
{Heap after GC invocations=2 (full 0):
 garbage-first heap   total reserved 4124672K, committed 258048K, used 15675K [0x0000000704400000, 0x0000000800000000)
  region size 2048K, 3 young (6144K), 3 survivors (6144K)
 Metaspace       used 10517K, committed 10688K, reserved 1114112K
  class space    used 985K, committed 1088K, reserved 1048576K
}
Event: 1.202 GC heap before
{Heap before GC invocations=2 (full 0):
 garbage-first heap   total reserved 4124672K, committed 258048K, used 66875K [0x0000000704400000, 0x0000000800000000)
  region size 2048K, 29 young (59392K), 3 survivors (6144K)
 Metaspace       used 14743K, committed 14912K, reserved 1114112K
  class space    used 1331K, committed 1408K, reserved 1048576K
}
Event: 1.207 GC heap after
{Heap after GC invocations=3 (full 0):
 garbage-first heap   total reserved 4124672K, committed 258048K, used 26220K [0x0000000704400000, 0x0000000800000000)
  region size 2048K, 4 young (8192K), 4 survivors (8192K)
 Metaspace       used 14743K, committed 14912K, reserved 1114112K
  class space    used 1331K, committed 1408K, reserved 1048576K
}
Event: 1.912 GC heap before
{Heap before GC invocations=3 (full 0):
 garbage-first heap   total reserved 4124672K, committed 258048K, used 97900K [0x0000000704400000, 0x0000000800000000)
  region size 2048K, 39 young (79872K), 4 survivors (8192K)
 Metaspace       used 19562K, committed 19840K, reserved 1114112K
  class space    used 2004K, committed 2112K, reserved 1048576K
}
Event: 1.918 GC heap after
{Heap after GC invocations=4 (full 0):
 garbage-first heap   total reserved 4124672K, committed 258048K, used 34707K [0x0000000704400000, 0x0000000800000000)
  region size 2048K, 4 young (8192K), 4 survivors (8192K)
 Metaspace       used 19562K, committed 19840K, reserved 1114112K
  class space    used 2004K, committed 2112K, reserved 1048576K
}
Event: 2.150 GC heap before
{Heap before GC invocations=4 (full 0):
 garbage-first heap   total reserved 4124672K, committed 258048K, used 53139K [0x0000000704400000, 0x0000000800000000)
  region size 2048K, 14 young (28672K), 4 survivors (8192K)
 Metaspace       used 21136K, committed 21504K, reserved 1114112K
  class space    used 2257K, committed 2432K, reserved 1048576K
}
Event: 2.153 GC heap after
{Heap after GC invocations=5 (full 0):
 garbage-first heap   total reserved 4124672K, committed 258048K, used 36202K [0x0000000704400000, 0x0000000800000000)
  region size 2048K, 5 young (10240K), 5 survivors (10240K)
 Metaspace       used 21136K, committed 21504K, reserved 1114112K
  class space    used 2257K, committed 2432K, reserved 1048576K
}
Event: 2.755 GC heap before
{Heap before GC invocations=6 (full 0):
 garbage-first heap   total reserved 4124672K, committed 131072K, used 128362K [0x0000000704400000, 0x0000000800000000)
  region size 2048K, 48 young (98304K), 5 survivors (10240K)
 Metaspace       used 26328K, committed 26752K, reserved 1114112K
  class space    used 2870K, committed 3008K, reserved 1048576K
}
Event: 2.764 GC heap after
{Heap after GC invocations=7 (full 0):
 garbage-first heap   total reserved 4124672K, committed 151552K, used 50373K [0x0000000704400000, 0x0000000800000000)
  region size 2048K, 10 young (20480K), 10 survivors (20480K)
 Metaspace       used 26328K, committed 26752K, reserved 1114112K
  class space    used 2870K, committed 3008K, reserved 1048576K
}
Event: 3.235 GC heap before
{Heap before GC invocations=7 (full 0):
 garbage-first heap   total reserved 4124672K, committed 151552K, used 115909K [0x0000000704400000, 0x0000000800000000)
  region size 2048K, 43 young (88064K), 10 survivors (20480K)
 Metaspace       used 30944K, committed 31488K, reserved 1114112K
  class space    used 3380K, committed 3648K, reserved 1048576K
}
Event: 3.244 GC heap after
{Heap after GC invocations=8 (full 0):
 garbage-first heap   total reserved 4124672K, committed 151552K, used 55019K [0x0000000704400000, 0x0000000800000000)
  region size 2048K, 5 young (10240K), 5 survivors (10240K)
 Metaspace       used 30944K, committed 31488K, reserved 1114112K
  class space    used 3380K, committed 3648K, reserved 1048576K
}
Event: 3.635 GC heap before
{Heap before GC invocations=8 (full 0):
 garbage-first heap   total reserved 4124672K, committed 151552K, used 124651K [0x0000000704400000, 0x0000000800000000)
  region size 2048K, 39 young (79872K), 5 survivors (10240K)
 Metaspace       used 33720K, committed 34496K, reserved 1114112K
  class space    used 3778K, committed 4096K, reserved 1048576K
}
Event: 3.643 GC heap after
{Heap after GC invocations=9 (full 0):
 garbage-first heap   total reserved 4124672K, committed 182272K, used 64560K [0x0000000704400000, 0x0000000800000000)
  region size 2048K, 5 young (10240K), 5 survivors (10240K)
 Metaspace       used 33720K, committed 34496K, reserved 1114112K
  class space    used 3778K, committed 4096K, reserved 1048576K
}
Event: 4.739 GC heap before
{Heap before GC invocations=9 (full 0):
 garbage-first heap   total reserved 4124672K, committed 182272K, used 72752K [0x0000000704400000, 0x0000000800000000)
  region size 2048K, 10 young (20480K), 5 survivors (10240K)
 Metaspace       used 35403K, committed 36096K, reserved 1114112K
  class space    used 3988K, committed 4288K, reserved 1048576K
}
Event: 4.743 GC heap after
{Heap after GC invocations=10 (full 0):
 garbage-first heap   total reserved 4124672K, committed 182272K, used 65741K [0x0000000704400000, 0x0000000800000000)
  region size 2048K, 1 young (2048K), 1 survivors (2048K)
 Metaspace       used 35403K, committed 36096K, reserved 1114112K
  class space    used 3988K, committed 4288K, reserved 1048576K
}
Event: 6.102 GC heap before
{Heap before GC invocations=11 (full 0):
 garbage-first heap   total reserved 4124672K, committed 182272K, used 151757K [0x0000000704400000, 0x0000000800000000)
  region size 2048K, 43 young (88064K), 1 survivors (2048K)
 Metaspace       used 41917K, committed 42688K, reserved 1114112K
  class space    used 4669K, committed 4992K, reserved 1048576K
}
Event: 6.111 GC heap after
{Heap after GC invocations=12 (full 0):
 garbage-first heap   total reserved 4124672K, committed 182272K, used 73876K [0x0000000704400000, 0x0000000800000000)
  region size 2048K, 5 young (10240K), 5 survivors (10240K)
 Metaspace       used 41917K, committed 42688K, reserved 1114112K
  class space    used 4669K, committed 4992K, reserved 1048576K
}

Dll operation events (14 events):
Event: 0.012 Loaded shared library C:\Users\orkhan.gahramanli\.jdks\openjdk-22\bin\java.dll
Event: 0.034 Loaded shared library C:\Users\orkhan.gahramanli\.jdks\openjdk-22\bin\jsvml.dll
Event: 0.093 Loaded shared library C:\Users\orkhan.gahramanli\.jdks\openjdk-22\bin\zip.dll
Event: 0.095 Loaded shared library C:\Users\orkhan.gahramanli\.jdks\openjdk-22\bin\instrument.dll
Event: 0.098 Loaded shared library C:\Users\orkhan.gahramanli\.jdks\openjdk-22\bin\net.dll
Event: 0.100 Loaded shared library C:\Users\orkhan.gahramanli\.jdks\openjdk-22\bin\nio.dll
Event: 0.104 Loaded shared library C:\Users\orkhan.gahramanli\.jdks\openjdk-22\bin\zip.dll
Event: 0.172 Loaded shared library C:\Users\orkhan.gahramanli\.jdks\openjdk-22\bin\jimage.dll
Event: 0.430 Loaded shared library C:\Program Files\JetBrains\Aqua 241.15989.28\bin\breakgen64.dll
Event: 0.451 Loaded shared library C:\Users\orkhan.gahramanli\.jdks\openjdk-22\bin\extnet.dll
Event: 0.505 Loaded shared library C:\Users\orkhan.gahramanli\.jdks\openjdk-22\bin\verify.dll
Event: 2.137 Loaded shared library C:\Users\orkhan.gahramanli\.jdks\openjdk-22\bin\management.dll
Event: 2.140 Loaded shared library C:\Users\orkhan.gahramanli\.jdks\openjdk-22\bin\management_ext.dll
Event: 4.721 Loaded shared library C:\Users\orkhan.gahramanli\.jdks\openjdk-22\bin\sunmscapi.dll

Deoptimization events (20 events):
Event: 5.882 Thread 0x000002c2cc006d20 DEOPT PACKING pc=0x000002c2d61b8c93 sp=0x000000d8a55fa110
Event: 5.882 Thread 0x000002c2cc006d20 DEOPT UNPACKING pc=0x000002c2dd154e42 sp=0x000000d8a55f9580 mode 0
Event: 5.893 Thread 0x000002c2cc006d20 Uncommon trap: trap_request=0xfffffff4 fr.pc=0x000002c2ddd2df34 relative=0x00000000000002b4
Event: 5.893 Thread 0x000002c2cc006d20 Uncommon trap: reason=null_check action=make_not_entrant pc=0x000002c2ddd2df34 method=org.codehaus.groovy.runtime.typehandling.DefaultTypeTransformation.castToType(Ljava/lang/Object;Ljava/lang/Class;)Ljava/lang/Object; @ 39 c2
Event: 5.893 Thread 0x000002c2cc006d20 DEOPT PACKING pc=0x000002c2ddd2df34 sp=0x000000d8a55fb170
Event: 5.893 Thread 0x000002c2cc006d20 DEOPT UNPACKING pc=0x000002c2dd1546a2 sp=0x000000d8a55fb100 mode 2
Event: 5.938 Thread 0x000002c2cc006d20 Uncommon trap: trap_request=0xfffffff4 fr.pc=0x000002c2ddd394bc relative=0x000000000000033c
Event: 5.938 Thread 0x000002c2cc006d20 Uncommon trap: reason=null_check action=make_not_entrant pc=0x000002c2ddd394bc method=java.lang.Class.isEnum()Z @ 1 c2
Event: 5.938 Thread 0x000002c2cc006d20 DEOPT PACKING pc=0x000002c2ddd394bc sp=0x000000d8a55fb1a0
Event: 5.938 Thread 0x000002c2cc006d20 DEOPT UNPACKING pc=0x000002c2dd1546a2 sp=0x000000d8a55fb0f8 mode 2
Event: 6.004 Thread 0x000002c2cc006d20 Uncommon trap: trap_request=0xfffffff4 fr.pc=0x000002c2ddd3fcc0 relative=0x0000000000000340
Event: 6.004 Thread 0x000002c2cc006d20 Uncommon trap: reason=null_check action=make_not_entrant pc=0x000002c2ddd3fcc0 method=org.codehaus.groovy.runtime.typehandling.DefaultTypeTransformation.castToType(Ljava/lang/Object;Ljava/lang/Class;)Ljava/lang/Object; @ 76 c2
Event: 6.004 Thread 0x000002c2cc006d20 DEOPT PACKING pc=0x000002c2ddd3fcc0 sp=0x000000d8a55fb780
Event: 6.004 Thread 0x000002c2cc006d20 DEOPT UNPACKING pc=0x000002c2dd1546a2 sp=0x000000d8a55fb720 mode 2
Event: 6.017 Thread 0x000002c2cc006d20 DEOPT PACKING pc=0x000002c2d5ff8f6b sp=0x000000d8a55fa660
Event: 6.017 Thread 0x000002c2cc006d20 DEOPT UNPACKING pc=0x000002c2dd154e42 sp=0x000000d8a55f9ae0 mode 0
Event: 6.096 Thread 0x000002c2cc006d20 Uncommon trap: trap_request=0xffffff45 fr.pc=0x000002c2ddc4413c relative=0x000000000000009c
Event: 6.096 Thread 0x000002c2cc006d20 Uncommon trap: reason=unstable_if action=reinterpret pc=0x000002c2ddc4413c method=java.util.HashMap$HashMapSpliterator.getFence()I @ 37 c2
Event: 6.096 Thread 0x000002c2cc006d20 DEOPT PACKING pc=0x000002c2ddc4413c sp=0x000000d8a55fed30
Event: 6.097 Thread 0x000002c2cc006d20 DEOPT UNPACKING pc=0x000002c2dd1546a2 sp=0x000000d8a55feca8 mode 2

Classes loaded (20 events):
Event: 5.311 Loading class java/lang/Throwable$WrappedPrintStream done
Event: 5.322 Loading class java/lang/Throwable$WrappedPrintWriter
Event: 5.322 Loading class java/lang/Throwable$WrappedPrintWriter done
Event: 5.324 Loading class sun/nio/fs/WindowsPath$1
Event: 5.324 Loading class sun/nio/fs/WindowsPath$1 done
Event: 5.382 Loading class java/io/FileOutputStream$1
Event: 5.382 Loading class java/io/FileOutputStream$1 done
Event: 5.386 Loading class java/util/stream/ReferencePipeline$15
Event: 5.386 Loading class java/util/stream/ReferencePipeline$15 done
Event: 5.386 Loading class java/util/stream/ReferencePipeline$15$1
Event: 5.386 Loading class java/util/stream/ReferencePipeline$15$1 done
Event: 6.078 Loading class java/util/concurrent/ConcurrentLinkedQueue$Itr
Event: 6.079 Loading class java/util/concurrent/ConcurrentLinkedQueue$Itr done
Event: 6.096 Loading class java/util/concurrent/ConcurrentHashMap$KeySpliterator
Event: 6.096 Loading class java/util/concurrent/ConcurrentHashMap$KeySpliterator done
Event: 6.101 Loading class java/util/IdentityHashMap$KeyIterator
Event: 6.101 Loading class java/util/IdentityHashMap$KeyIterator done
Event: 6.112 Loading class sun/security/ssl/Alert
Event: 6.112 Loading class sun/security/ssl/Alert done
Event: 6.112 Loading class sun/security/ssl/Alert$AlertConsumer

Classes unloaded (1 events):
Event: 2.160 Thread 0x000002c2ead9c830 Unloading class 0x000002c2810a0400 'java/lang/invoke/LambdaForm$DMH+0x000002c2810a0400'

Classes redefined (4 events):
Event: 0.437 Thread 0x000002c2ead9c830 redefined class name=java.io.FileOutputStream, count=1
Event: 0.440 Thread 0x000002c2ead9c830 redefined class name=java.nio.file.Files, count=1
Event: 0.442 Thread 0x000002c2ead9c830 redefined class name=java.io.File, count=1
Event: 0.444 Thread 0x000002c2ead9c830 redefined class name=com.sun.xml.internal.stream.XMLEntityStorage, count=1

Internal exceptions (20 events):
Event: 5.893 Thread 0x000002c2cc006d20 Implicit null exception at 0x000002c2ddd2dcdb to 0x000002c2ddd2df20
Event: 5.928 Thread 0x000002c2cc006d20 Exception <a 'sun/nio/fs/WindowsException'{0x000000070a5a1058}> (0x000000070a5a1058) 
thrown [s\open\src\hotspot\share\prims\jni.cpp, line 520]
Event: 5.930 Thread 0x000002c2cc006d20 Exception <a 'java/lang/NoClassDefFoundError'{0x000000070a5a2470}: junit/framework/ComparisonFailure> (0x000000070a5a2470) 
thrown [s\open\src\hotspot\share\oops\constantPool.cpp, line 870]
Event: 5.936 Thread 0x000002c2cc006d20 Exception <a 'java/lang/ClassCastException'{0x000000070a5fbc30}> (0x000000070a5fbc30) 
thrown [s\open\src\hotspot\share\runtime\sharedRuntime.cpp, line 628]
Event: 5.938 Thread 0x000002c2cc006d20 Implicit null exception at 0x000002c2ddd39240 to 0x000002c2ddd394a5
Event: 5.955 Thread 0x000002c2cc006d20 Exception <a 'java/lang/ClassCastException'{0x000000070a26f6b8}> (0x000000070a26f6b8) 
thrown [s\open\src\hotspot\share\runtime\sharedRuntime.cpp, line 628]
Event: 5.988 Thread 0x000002c2cc006d20 Exception <a 'sun/nio/fs/WindowsException'{0x000000070a2e2750}> (0x000000070a2e2750) 
thrown [s\open\src\hotspot\share\prims\jni.cpp, line 520]
Event: 5.994 Thread 0x000002c2cc006d20 Exception <a 'java/lang/NoClassDefFoundError'{0x000000070a2e3b68}: junit/framework/ComparisonFailure> (0x000000070a2e3b68) 
thrown [s\open\src\hotspot\share\oops\constantPool.cpp, line 870]
Event: 6.002 Thread 0x000002c2cc006d20 Exception <a 'java/lang/ClassCastException'{0x000000070a343c40}> (0x000000070a343c40) 
thrown [s\open\src\hotspot\share\runtime\sharedRuntime.cpp, line 628]
Event: 6.004 Thread 0x000002c2cc006d20 Implicit null exception at 0x000002c2ddd3fa9c to 0x000002c2ddd3fcad
Event: 6.033 Thread 0x000002c2cc006d20 Exception <a 'java/lang/ClassCastException'{0x000000070a3ceb10}> (0x000000070a3ceb10) 
thrown [s\open\src\hotspot\share\runtime\sharedRuntime.cpp, line 628]
Event: 6.075 Thread 0x000002c2cc006d20 Exception <a 'sun/nio/fs/WindowsException'{0x000000070a041fc0}> (0x000000070a041fc0) 
thrown [s\open\src\hotspot\share\prims\jni.cpp, line 520]
Event: 6.077 Thread 0x000002c2cc006d20 Exception <a 'java/lang/NoClassDefFoundError'{0x000000070a0433c8}: junit/framework/ComparisonFailure> (0x000000070a0433c8) 
thrown [s\open\src\hotspot\share\oops\constantPool.cpp, line 870]
Event: 6.082 Thread 0x000002c2cc006d20 Exception <a 'java/lang/IncompatibleClassChangeError'{0x000000070a0a9670}: Found class java.lang.Object, but interface was expected> (0x000000070a0a9670) 
thrown [s\open\src\hotspot\share\interpreter\linkResolver.cpp, line 841]
Event: 6.083 Thread 0x000002c2cc006d20 Exception <a 'java/lang/IncompatibleClassChangeError'{0x000000070a0ac050}: Found class java.lang.Object, but interface was expected> (0x000000070a0ac050) 
thrown [s\open\src\hotspot\share\interpreter\linkResolver.cpp, line 841]
Event: 6.083 Thread 0x000002c2cc006d20 Exception <a 'sun/nio/fs/WindowsException'{0x000000070a0ae748}> (0x000000070a0ae748) 
thrown [s\open\src\hotspot\share\prims\jni.cpp, line 520]
Event: 6.092 Thread 0x000002c2cc006d20 Exception <a 'java/lang/IncompatibleClassChangeError'{0x000000070a0e2f90}: Found class java.lang.Object, but interface was expected> (0x000000070a0e2f90) 
thrown [s\open\src\hotspot\share\interpreter\linkResolver.cpp, line 841]
Event: 6.093 Thread 0x000002c2cc006d20 Exception <a 'sun/nio/fs/WindowsException'{0x000000070a0ebc78}> (0x000000070a0ebc78) 
thrown [s\open\src\hotspot\share\prims\jni.cpp, line 520]
Event: 6.096 Thread 0x000002c2cc006d20 Implicit null exception at 0x000002c2ddc440fc to 0x000002c2ddc4412c
Event: 6.097 Thread 0x000002c2cc006d20 Exception <a 'sun/nio/fs/WindowsException'{0x000000070a118e88}> (0x000000070a118e88) 
thrown [s\open\src\hotspot\share\prims\jni.cpp, line 520]

ZGC Phase Switch (0 events):
No events

VM Operations (20 events):
Event: 4.847 Executing VM operation: HandshakeAllThreads (Deoptimize) done
Event: 5.234 Executing VM operation: HandshakeAllThreads (Deoptimize)
Event: 5.234 Executing VM operation: HandshakeAllThreads (Deoptimize) done
Event: 5.271 Executing VM operation: HandshakeAllThreads (Deoptimize)
Event: 5.271 Executing VM operation: HandshakeAllThreads (Deoptimize) done
Event: 5.328 Executing VM operation: ICBufferFull
Event: 5.328 Executing VM operation: ICBufferFull done
Event: 5.338 Executing VM operation: HandshakeAllThreads (Deoptimize)
Event: 5.338 Executing VM operation: HandshakeAllThreads (Deoptimize) done
Event: 5.345 Executing VM operation: HandshakeAllThreads (Deoptimize)
Event: 5.345 Executing VM operation: HandshakeAllThreads (Deoptimize) done
Event: 5.485 Executing VM operation: HandshakeAllThreads (Deoptimize)
Event: 5.486 Executing VM operation: HandshakeAllThreads (Deoptimize) done
Event: 5.590 Executing VM operation: ICBufferFull
Event: 5.590 Executing VM operation: ICBufferFull done
Event: 6.085 Executing VM operation: ICBufferFull
Event: 6.085 Executing VM operation: ICBufferFull done
Event: 6.102 Executing VM operation: G1CollectForAllocation (G1 Evacuation Pause)
Event: 6.111 Executing VM operation: G1CollectForAllocation (G1 Evacuation Pause) done
Event: 6.115 Executing VM operation: Exit

Events (20 events):
Event: 4.762 Thread 0x000002c2ead9c830 flushing nmethod 0x000002c2d6117290
Event: 4.762 Thread 0x000002c2ead9c830 flushing nmethod 0x000002c2d6117990
Event: 4.762 Thread 0x000002c2ead9c830 flushing nmethod 0x000002c2d6118310
Event: 4.762 Thread 0x000002c2ead9c830 flushing nmethod 0x000002c2d6118a10
Event: 4.762 Thread 0x000002c2ead9c830 flushing nmethod 0x000002c2d6119d90
Event: 4.762 Thread 0x000002c2ead9c830 flushing nmethod 0x000002c2d6149810
Event: 4.762 Thread 0x000002c2ead9c830 flushing nmethod 0x000002c2d616df90
Event: 4.762 Thread 0x000002c2ead9c830 flushing nmethod 0x000002c2d620dd10
Event: 4.762 Thread 0x000002c2ead9c830 flushing nmethod 0x000002c2d624d190
Event: 4.762 Thread 0x000002c2ead9c830 flushing nmethod 0x000002c2d63ca910
Event: 4.762 Thread 0x000002c2ead9c830 flushing nmethod 0x000002c2d649b190
Event: 4.762 Thread 0x000002c2ead9c830 flushing nmethod 0x000002c2d649b990
Event: 4.762 Thread 0x000002c2ead9c830 flushing nmethod 0x000002c2d649c610
Event: 4.762 Thread 0x000002c2ead9c830 flushing nmethod 0x000002c2d649e510
Event: 4.762 Thread 0x000002c2ead9c830 flushing nmethod 0x000002c2d64a3690
Event: 4.763 Thread 0x000002c2c1b79d40 Thread added: 0x000002c2c1b79d40
Event: 4.775 Thread 0x000002c2c6611370 Thread added: 0x000002c2c6611370
Event: 4.935 Thread 0x000002c2c11a3980 Thread added: 0x000002c2c11a3980
Event: 6.101 Thread 0x000002c2c81cac00 Thread added: 0x000002c2c81cac00
Event: 6.112 Thread 0x000002c2c81cac00 Thread exited: 0x000002c2c81cac00


Dynamic libraries:
0x00007ff60b630000 - 0x00007ff60b63e000 	C:\Users\orkhan.gahramanli\.jdks\openjdk-22\bin\java.exe
0x00007ff957310000 - 0x00007ff957527000 	C:\Windows\SYSTEM32\ntdll.dll
0x00007ff957050000 - 0x00007ff957114000 	C:\Windows\System32\KERNEL32.DLL
0x00007ff956ca0000 - 0x00007ff957047000 	C:\Windows\System32\KERNELBASE.dll
0x000000007ddf0000 - 0x000000007de2b000 	C:\Windows\System32\cyinjct.dll
0x00007ff956b30000 - 0x00007ff956b3c000 	C:\Windows\System32\ntnativeapi.dll
0x00007ff936010000 - 0x00007ff936027000 	C:\Users\orkhan.gahramanli\.jdks\openjdk-22\bin\jli.dll
0x000002c2cbad0000 - 0x000002c2cbc7e000 	C:\Windows\System32\USER32.dll
0x00007ff954510000 - 0x00007ff954536000 	C:\Windows\System32\win32u.dll
0x00007ff956940000 - 0x00007ff956969000 	C:\Windows\System32\GDI32.dll
0x00007ff9545c0000 - 0x00007ff9546d9000 	C:\Windows\System32\gdi32full.dll
0x00007ff954960000 - 0x00007ff9549fa000 	C:\Windows\System32\msvcp_win.dll
0x000002c2cbc80000 - 0x000002c2cbd91000 	C:\Windows\System32\ucrtbase.dll
0x00007ff935ff0000 - 0x00007ff93600b000 	C:\Users\orkhan.gahramanli\.jdks\openjdk-22\bin\VCRUNTIME140.dll
0x00007ff92f630000 - 0x00007ff92f8c3000 	C:\Windows\WinSxS\amd64_microsoft.windows.common-controls_6595b64144ccf1df_6.0.22621.3527_none_270e469b73872a76\COMCTL32.dll
0x00007ff956970000 - 0x00007ff956a17000 	C:\Windows\System32\msvcrt.dll
0x00007ff956b10000 - 0x00007ff956b2e000 	C:\Windows\System32\cyvera.dll
0x00007ff956aa0000 - 0x00007ff956b0b000 	C:\Windows\System32\cyvrtrap.dll
0x00007ff956050000 - 0x00007ff956081000 	C:\Windows\System32\IMM32.DLL
0x00007ff94ea70000 - 0x00007ff94ea7c000 	C:\Users\orkhan.gahramanli\.jdks\openjdk-22\bin\vcruntime140_1.dll
0x00007ff9186e0000 - 0x00007ff91876e000 	C:\Users\orkhan.gahramanli\.jdks\openjdk-22\bin\msvcp140.dll
0x00007ff8a9fd0000 - 0x00007ff8aad18000 	C:\Users\orkhan.gahramanli\.jdks\openjdk-22\bin\server\jvm.dll
0x00007ff956110000 - 0x00007ff9561c2000 	C:\Windows\System32\ADVAPI32.dll
0x00007ff954b70000 - 0x00007ff954c18000 	C:\Windows\System32\sechost.dll
0x00007ff9546e0000 - 0x00007ff954708000 	C:\Windows\System32\bcrypt.dll
0x00007ff956b80000 - 0x00007ff956c95000 	C:\Windows\System32\RPCRT4.dll
0x00007ff956090000 - 0x00007ff956101000 	C:\Windows\System32\WS2_32.dll
0x00007ff953350000 - 0x00007ff95339d000 	C:\Windows\SYSTEM32\POWRPROF.dll
0x00007ff949f60000 - 0x00007ff949f94000 	C:\Windows\SYSTEM32\WINMM.dll
0x00007ff949410000 - 0x00007ff94941a000 	C:\Windows\SYSTEM32\VERSION.dll
0x00007ff953330000 - 0x00007ff953343000 	C:\Windows\SYSTEM32\UMPDC.dll
0x00007ff9535e0000 - 0x00007ff9535f8000 	C:\Windows\SYSTEM32\kernel.appcore.dll
0x00007ff936350000 - 0x00007ff93635a000 	C:\Users\orkhan.gahramanli\.jdks\openjdk-22\bin\jimage.dll
0x00007ff951dc0000 - 0x00007ff951ff2000 	C:\Windows\SYSTEM32\DBGHELP.DLL
0x00007ff954d80000 - 0x00007ff955108000 	C:\Windows\System32\combase.dll
0x00007ff954c20000 - 0x00007ff954cf7000 	C:\Windows\System32\OLEAUT32.dll
0x00007ff93aa70000 - 0x00007ff93aaa2000 	C:\Windows\SYSTEM32\dbgcore.DLL
0x00007ff954540000 - 0x00007ff9545b9000 	C:\Windows\System32\bcryptPrimitives.dll
0x00007ff94ae70000 - 0x00007ff94ae7f000 	C:\Users\orkhan.gahramanli\.jdks\openjdk-22\bin\instrument.dll
0x00007ff935970000 - 0x00007ff93598e000 	C:\Users\orkhan.gahramanli\.jdks\openjdk-22\bin\java.dll
0x00007ff9554e0000 - 0x00007ff955d3c000 	C:\Windows\System32\SHELL32.dll
0x00007ff956790000 - 0x00007ff956935000 	C:\Windows\System32\ole32.dll
0x00007ff956a60000 - 0x00007ff956a97000 	C:\Program Files\Palo Alto Networks\Traps\cyjagent.dll
0x00007ff952220000 - 0x00007ff952b16000 	C:\Windows\SYSTEM32\windows.storage.dll
0x00007ff9520e0000 - 0x00007ff95221e000 	C:\Windows\SYSTEM32\wintypes.dll
0x00007ff955110000 - 0x00007ff955205000 	C:\Windows\System32\SHCORE.dll
0x00007ff956730000 - 0x00007ff95678e000 	C:\Windows\System32\shlwapi.dll
0x00007ff954440000 - 0x00007ff954461000 	C:\Windows\SYSTEM32\profapi.dll
0x00007ff902480000 - 0x00007ff902557000 	C:\Users\orkhan.gahramanli\.jdks\openjdk-22\bin\jsvml.dll
0x00007ff926ad0000 - 0x00007ff926ae7000 	C:\Users\orkhan.gahramanli\.jdks\openjdk-22\bin\zip.dll
0x00007ff935be0000 - 0x00007ff935bf0000 	C:\Users\orkhan.gahramanli\.jdks\openjdk-22\bin\net.dll
0x00007ff953a40000 - 0x00007ff953aa9000 	C:\Windows\system32\mswsock.dll
0x00007ff926bb0000 - 0x00007ff926bc6000 	C:\Users\orkhan.gahramanli\.jdks\openjdk-22\bin\nio.dll
0x00007ff941300000 - 0x00007ff94131a000 	C:\Program Files\JetBrains\Aqua 241.15989.28\bin\breakgen64.dll
0x00007ff935b90000 - 0x00007ff935b99000 	C:\Users\orkhan.gahramanli\.jdks\openjdk-22\bin\extnet.dll
0x00007ff92a640000 - 0x00007ff92a650000 	C:\Users\orkhan.gahramanli\.jdks\openjdk-22\bin\verify.dll
0x00007ff953d90000 - 0x00007ff953dab000 	C:\Windows\SYSTEM32\CRYPTSP.dll
0x00007ff953540000 - 0x00007ff953575000 	C:\Windows\system32\rsaenh.dll
0x00007ff953ae0000 - 0x00007ff953b08000 	C:\Windows\SYSTEM32\USERENV.dll
0x00007ff953d70000 - 0x00007ff953d7c000 	C:\Windows\SYSTEM32\CRYPTBASE.dll
0x00007ff952d80000 - 0x00007ff952dad000 	C:\Windows\SYSTEM32\IPHLPAPI.DLL
0x00007ff955460000 - 0x00007ff955469000 	C:\Windows\System32\NSI.dll
0x00007ff9376f0000 - 0x00007ff937707000 	C:\Windows\system32\napinsp.dll
0x00007ff937710000 - 0x00007ff93772b000 	C:\Windows\system32\pnrpnsp.dll
0x00007ff952db0000 - 0x00007ff952ea8000 	C:\Windows\SYSTEM32\DNSAPI.dll
0x00007ff937730000 - 0x00007ff937741000 	C:\Windows\System32\winrnr.dll
0x00007ff9496f0000 - 0x00007ff949705000 	C:\Windows\system32\wshbth.dll
0x00007ff937750000 - 0x00007ff937777000 	C:\Windows\system32\nlansp_c.dll
0x00007ff947c40000 - 0x00007ff947c4a000 	C:\Windows\System32\rasadhlp.dll
0x00007ff94af90000 - 0x00007ff94b013000 	C:\Windows\System32\fwpuclnt.dll
0x00007ff941330000 - 0x00007ff94133a000 	C:\Users\orkhan.gahramanli\.jdks\openjdk-22\bin\management.dll
0x00007ff941320000 - 0x00007ff94132b000 	C:\Users\orkhan.gahramanli\.jdks\openjdk-22\bin\management_ext.dll
0x00007ff954d70000 - 0x00007ff954d78000 	C:\Windows\System32\PSAPI.DLL
0x00007ff927ea0000 - 0x00007ff927eae000 	C:\Users\orkhan.gahramanli\.jdks\openjdk-22\bin\sunmscapi.dll
0x00007ff954a00000 - 0x00007ff954b68000 	C:\Windows\System32\CRYPT32.dll
0x00007ff953eb0000 - 0x00007ff953ede000 	C:\Windows\SYSTEM32\ncrypt.dll
0x00007ff953e70000 - 0x00007ff953ea7000 	C:\Windows\SYSTEM32\NTASN1.dll

dbghelp: loaded successfully - version: 4.0.5 - missing functions: none
symbol engine: initialized successfully - sym options: 0x614 - pdb path: .;C:\Users\orkhan.gahramanli\.jdks\openjdk-22\bin;C:\Windows\SYSTEM32;C:\Windows\WinSxS\amd64_microsoft.windows.common-controls_6595b64144ccf1df_6.0.22621.3527_none_270e469b73872a76;C:\Users\orkhan.gahramanli\.jdks\openjdk-22\bin\server;C:\Program Files\Palo Alto Networks\Traps;C:\Program Files\JetBrains\Aqua 241.15989.28\bin

VM Arguments:
jvm_args: -ea -javaagent:C:\Users\orkhan.gahramanli\.m2\repository/org/aspectj/aspectjweaver/1.9.19/aspectjweaver-1.9.19.jar -Didea.test.cyclic.buffer.size=1048576 -javaagent:C:\Program Files\JetBrains\Aqua 241.15989.28\lib\idea_rt.jar=57337:C:\Program Files\JetBrains\Aqua 241.15989.28\bin -Dfile.encoding=UTF-8 -Dsun.stdout.encoding=UTF-8 -Dsun.stderr.encoding=UTF-8 -agentpath:C:\Program Files\Palo Alto Networks\Traps\cyjagent.dll 
java_command: com.intellij.rt.testng.RemoteTestNGStarter -usedefaultlisteners false -socket57336 @w@C:\Users\orkhan.gahramanli\AppData\Local\Temp\idea_working_dirs_testng.tmp -temp C:\Users\orkhan.gahramanli\AppData\Local\Temp\idea_testng.tmp
java_class_path (initial): C:\Program Files\JetBrains\Aqua 241.15989.28\lib\idea_rt.jar;C:\Program Files\JetBrains\Aqua 241.15989.28\plugins\testng\lib\testng-rt.jar;C:\Users\orkhan.gahramanli\AquaProjects\demo\target\test-classes;C:\Users\orkhan.gahramanli\.m2\repository\org\seleniumhq\selenium\selenium-java\4.13.0\selenium-java-4.13.0.jar;C:\Users\orkhan.gahramanli\.m2\repository\org\seleniumhq\selenium\selenium-api\4.13.0\selenium-api-4.13.0.jar;C:\Users\orkhan.gahramanli\.m2\repository\org\seleniumhq\selenium\selenium-chrome-driver\4.13.0\selenium-chrome-driver-4.13.0.jar;C:\Users\orkhan.gahramanli\.m2\repository\com\google\auto\service\auto-service-annotations\1.1.1\auto-service-annotations-1.1.1.jar;C:\Users\orkhan.gahramanli\.m2\repository\com\google\guava\guava\32.1.2-jre\guava-32.1.2-jre.jar;C:\Users\orkhan.gahramanli\.m2\repository\com\google\guava\failureaccess\1.0.1\failureaccess-1.0.1.jar;C:\Users\orkhan.gahramanli\.m2\repository\com\google\guava\listenablefuture\9999.0-empty-to-avoid-conflict-with-guava\listenablefuture-9999.0-empty-to-avoid-conflict-with-guava.jar;C:\Users\orkhan.gahramanli\.m2\repository\com\google\code\findbugs\jsr305\3.0.2\jsr305-3.0.2.jar;C:\Users\orkhan.gahramanli\.m2\repository\org\checkerframework\checker-qual\3.33.0\checker-qual-3.33.0.jar;C:\Users\orkhan.gahramanli\.m2\repository\com\google\errorprone\error_prone_annotations\2.18.0\error_prone_annotations-2.18.0.jar;C:\Users\orkhan.gahramanli\.m2\repository\com\google\j2objc\j2objc-annotations\2.8\j2objc-annotations-2.8.jar;C:\Users\orkhan.gahramanli\.m2\repository\org\seleniumhq\selenium\selenium-chromium-driver\4.13.0\selenium-chromium-driver-4.13.0.jar;C:\Users\orkhan.gahramanli\.m2\repository\org\seleniumhq\selenium\selenium-json\4.13.0\selenium-json-4.13.0.jar;C:\Users\orkhan.gahramanli\.m2\repository\org\seleniumhq\selenium\selenium-manager\4.13.0\selenium-manager-4.13.0.jar;C:\Users\orkhan.gahramanli\.m2\repository\org\seleniumhq\selenium\selenium-devtools-v115\4.13.0\selenium-devtools-v115-4.13.0.jar;C:\Users\orkhan.gahramanli\.m2\repository\org\seleniumhq\selenium\selenium-devtools-v116\4.13.0\selenium-devtools-v116-4.13.0.jar;C:\Users\orkhan.gahramanli\.m2\repository\org\seleniumhq\selenium\selenium-devtools-v117\4.13.0\selenium-devtools-v117-4.13.0.jar;C:\Users\orkhan.gahramanli\.m2\repository\org\seleniumhq\selenium\selenium-devtools-v85\4.13.0\selenium-devtools-v85-4.13.0.jar;C:\Users\orkhan.gahramanli\.m2\repository\org\seleniumhq\selenium\selenium-edge-driver\4.13.0\selenium-edge-driver-4.13.0.jar;C:\Users\orkhan.gahramanli\.m2\repository\org\seleniumhq\selenium\selenium-firefox-driver\4.13.0\selenium-firefox-driver-4.13.0.jar;C:\Users\orkhan.gahramanli\.m2\repository\org\seleniumhq\selenium\selenium-http\4.13.0\selenium-http-4.13.0.jar;C:\Users\orkhan.gahramanli\.m2\repository\dev\failsafe\failsafe\3.3.2\failsafe-3.3.2.jar;C:\Users\orkhan.gahramanli\.m2\repository\org\seleniumhq\selenium\selenium-ie-driver\4.13.0\selenium-ie-driver-4.13.0.jar;C:\Users\orkhan.gahramanli\.m2\repository\org\seleniumhq\selenium\selenium-remote-driver\4.13.0\selenium-remote-driver-4.13.0.jar;C:\Users\orkhan.gahramanli\.m2\repository\io\netty\netty-buffer\4.1.96.Final\netty-buffer-4.1.96.Final.jar;C:\Users\orkhan.gahramanli\.m2\repository\io\netty\netty-codec-http\4.1.96.Final\netty-codec-http-4.1.96.Final.jar;C:\Users\orkhan.gahramanli\.m2\repository\io\netty\netty-codec\4.1.96.Final\netty-codec-4.1.96.Final.jar;C:\Users\orkhan.gahramanli\.m2\repository\io\netty\netty-handler\4.1.96.Final\netty-handler-4.1.96.Final.jar;C:\Users\orkhan.gahramanli\.m2\repository\io\netty\netty-common\4.1.96.Final\netty-common-4.1.96.Final.jar;C:\Users\orkhan.gahramanli\.m2\repository\io\netty\netty-transport-classes-epoll\4.1.96.Final\netty-transport-classes-epoll-4.1.96.Final.jar;C:\Users\orkhan.gahramanli\.m2\repository\io\netty\netty-transport-classes-kqueue\4.1.96.Final\netty-transport-classes-kqueue-4.1.96.Final.jar;C:\Users\orkhan.gahramanli\.m2\repository\io\netty\netty-transport-native-epoll\4.1.96.Final\netty-transport-native-epoll-4.1.96.Final.jar;C:\Users\orkhan.gahramanli\.m2\repository\io\netty\netty-transport-native-kqueue\4.1.96.Final\netty-transport-native-kqueue-4.1.96.Final.jar;C:\Users\orkhan.gahramanli\.m2\repository\io\netty\netty-transport-native-unix-common\4.1.96.Final\netty-transport-native-unix-common-4.1.96.Final.jar;C:\Users\orkhan.gahramanli\.m2\repository\io\netty\netty-transport\4.1.96.Final\netty-transport-4.1.96.Final.jar;C:\Users\orkhan.gahramanli\.m2\repository\io\netty\netty-resolver\4.1.96.Final\netty-resolver-4.1.96.Final.jar;C:\Users\orkhan.gahramanli\.m2\repository\io\opentelemetry\opentelemetry-api\1.28.0\opentelemetry-api-1.28.0.jar;C:\Users\orkhan.gahramanli\.m2\repository\io\opentelemetry\opentelemetry-context\1.28.0\opentelemetry-context-1.28.0.jar;C:\Users\orkhan.gahramanli\.m2\repository\io\opentelemetry\opentelemetry-exporter-logging\1.28.0\opentelemetry-exporter-logging-1.28.0.jar;C:\Users\orkhan.gahramanli\.m2\repository\io\opentelemetry\opentelemetry-sdk-metrics\1.28.0\opentelemetry-sdk-metrics-1.28.0.jar;C:\Users\orkhan.gahramanli\.m2\repository\io\opentelemetry\opentelemetry-extension-incubator\1.28.0-alpha\opentelemetry-extension-incubator-1.28.0-alpha.jar;C:\Users\orkhan.gahramanli\.m2\repository\io\opentelemetry\opentelemetry-sdk-logs\1.28.0\opentelemetry-sdk-logs-1.28.0.jar;C:\Users\orkhan.gahramanli\.m2\repository\io\opentelemetry\opentelemetry-sdk-common\1.28.0\opentelemetry-sdk-common-1.28.0.jar;C:\Users\orkhan.gahramanli\.m2\repository\io\opentelemetry\opentelemetry-sdk-extension-autoconfigure-spi\1.28.0\opentelemetry-sdk-extension-autoconfigure-spi-1.28.0.jar;C:\Users\orkhan.gahramanli\.m2\repository\io\opentelemetry\opentelemetry-sdk-extension-autoconfigure\1.28.0\opentelemetry-sdk-extension-autoconfigure-1.28.0.jar;C:\Users\orkhan.gahramanli\.m2\repository\io\opentelemetry\opentelemetry-api-events\1.28.0-alpha\opentelemetry-api-events-1.28.0-alpha.jar;C:\Users\orkhan.gahramanli\.m2\repository\io\opentelemetry\opentelemetry-sdk-trace\1.28.0\opentelemetry-sdk-trace-1.28.0.jar;C:\Users\orkhan.gahramanli\.m2\repository\io\opentelemetry\opentelemetry-sdk\1.28.0\opentelemetry-sdk-1.28.0.jar;C:\Users\orkhan.gahramanli\.m2\repository\io\opentelemetry\opentelemetry-semconv\1.28.0-alpha\opentelemetry-semconv-1.28.0-alpha.jar;C:\Users\orkhan.gahramanli\.m2\repository\net\bytebuddy\byte-buddy\1.14.5\byte-buddy-1.14.5.jar;C:\Users\orkhan.gahramanli\.m2\repository\org\asynchttpclient\async-http-client\2.12.3\async-http-client-2.12.3.jar;C:\Users\orkhan.gahramanli\.m2\repository\org\asynchttpclient\async-http-client-netty-utils\2.12.3\async-http-client-netty-utils-2.12.3.jar;C:\Users\orkhan.gahramanli\.m2\repository\io\netty\netty-codec-socks\4.1.60.Final\netty-codec-socks-4.1.60.Final.jar;C:\Users\orkhan.gahramanli\.m2\repository\io\netty\netty-handler-proxy\4.1.60.Final\netty-handler-proxy-4.1.60.Final.jar;C:\Users\orkhan.gahramanli\.m2\repository\io\netty\netty-transport-native-epoll\4.1.60.Final\netty-transport-native-epoll-4.1.60.Final-linux-x86_64.jar;C:\Users\orkhan.gahramanli\.m2\repository\io\netty\netty-transport-native-kqueue\4.1.60.Final\netty-transport-native-kqueue-4.1.60.Final-osx-x86_64.jar;C:\Users\orkhan.gahramanli\.m2\repository\org\reactivestreams\reactive-streams\1.0.3\reactive-streams-1.0.3.jar;C:\Users\orkhan.gahramanli\.m2\repository\com\typesafe\netty\netty-reactive-streams\2.0.4\netty-reactive-streams-2.0.4.jar;C:\Users\orkhan.gahramanli\.m2\repository\com\sun\activation\jakarta.activation\1.2.2\jakarta.activation-1.2.2.jar;C:\Users\orkhan.gahramanli\.m2\repository\org\seleniumhq\selenium\selenium-os\4.13.0\selenium-os-4.13.0.jar;C:\Users\orkhan.gahramanli\.m2\repository\org\apache\commons\commons-exec\1.3\commons-exec-1.3.jar;C:\Users\orkhan.gahramanli\.m2\repository\org\seleniumhq\selenium\selenium-safari-driver\4.13.0\selenium-safari-driver-4.13.0.jar;C:\Users\orkhan.gahramanli\.m2\repository\org\seleniumhq\selenium\selenium-support\4.13.0\selenium-support-4.13.0.jar;C:\Users\orkhan.gahramanli\.m2\repository\io\qameta\allure\allure-testng\2.24.0\allure-testng-2.24.0.jar;C:\Users\orkhan.gahramanli\.m2\repository\io\qameta\allure\allure-java-commons\2.24.0\allure-java-commons-2.24.0.jar;C:\Users\orkhan.gahramanli\.m2\repository\io\qameta\allure\allure-model\2.24.0\allure-model-2.24.0.jar;C:\Users\orkhan.gahramanli\.m2\repository\io\qameta\allure\allure-test-filter\2.24.0\allure-test-filter-2.24.0.jar;C:\Users\orkhan.gahramanli\.m2\repository\org\testng\testng\7.7.1\testng-7.7.1.jar;C:\Users\orkhan.gahramanli\.m2\repository\org\slf4j\slf4j-api\1.7.36\slf4j-api-1.7.36.jar;C:\Users\orkhan.gahramanli\.m2\repository\com\beust\jcommander\1.82\jcommander-1.82.jar;C:\Users\orkhan.gahramanli\.m2\repository\org\webjars\jquery\3.6.1\jquery-3.6.1.jar;C:\Users\orkhan.gahramanli\.m2\repository\org\slf4j\slf4j-simple\2.0.7\slf4j-simple-2.0.7.jar;C:\Users\orkhan.gahramanli\.m2\repository\io\cucumber\cucumber-core\7.15.0\cucumber-core-7.15.0.jar;C:\Users\orkhan.gahramanli\.m2\repository\io\cucumber\cucumber-gherkin\7.15.0\cucumber-gherkin-7.15.0.jar;C:\Users\orkhan.gahramanli\.m2\repository\io\cucumber\cucumber-gherkin-messages\7.15.0\cucumber-gherkin-messages-7.15.0.jar;C:\Users\orkhan.gahramanli\.m2\repository\io\cucumber\gherkin\26.2.0\gherkin-26.2.0.jar;C:\Users\orkhan.gahramanli\.m2\repository\io\cucumber\messages\22.0.0\messages-22.0.0.jar;C:\Users\orkhan.gahramanli\.m2\repository\io\cucumber\tag-expressions\6.0.0\tag-expressions-6.0.0.jar;C:\Users\orkhan.gahramanli\.m2\repository\io\cucumber\cucumber-expressions\17.0.1\cucumber-expressions-17.0.1.jar;C:\Users\orkhan.gahramanli\.m2\repository\io\cucumber\datatable\7.15.0\datatable-7.15.0.jar;C:\Users\orkhan.gahramanli\.m2\repository\io\cucumber\cucumber-plugin\7.15.0\cucumber-plugin-7.15.0.jar;C:\Users\orkhan.gahramanli\.m2\repository\io\cucumber\docstring\7.15.0\docstring-7.15.0.jar;C:\Users\orkhan.gahramanli\.m2\repository\io\cucumber\html-formatter\20.4.0\html-formatter-20.4.0.jar;C:\Users\orkhan.gahramanli\.m2\repository\io\cucumber\junit-xml-formatter\0.2.0\junit-xml-formatter-0.2.0.jar;C:\Users\orkhan.gahramanli\.m2\repository\io\cucumber\ci-environment\10.0.0\ci-environment-10.0.0.jar;C:\Users\orkhan.gahramanli\.m2\repository\org\apiguardian\apiguardian-api\1.1.2\apiguardian-api-1.1.2.jar;C:\Users\orkhan.gahramanli\.m2\repository\io\cucumber\cucumber-java\7.15.0\cucumber-java-7.15.0.jar;C:\Users\orkhan.gahramanli\.m2\repository\io\cucumber\cucumber-testng\7.15.0\cucumber-testng-7.15.0.jar;C:\Users\orkhan.gahramanli\.m2\repository\io\rest-assured\rest-assured\5.4.0\rest-assured-5.4.0.jar;C:\Users\orkhan.gahramanli\.m2\repository\org\apache\groovy\groovy\4.0.16\groovy-4.0.16.jar;C:\Users\orkhan.gahramanli\.m2\repository\org\apache\groovy\groovy-xml\4.0.16\groovy-xml-4.0.16.jar;C:\Users\orkhan.gahramanli\.m2\repository\org\apache\httpcomponents\httpclient\4.5.13\httpclient-4.5.13.jar;C:\Users\orkhan.gahramanli\.m2\repository\org\apache\httpcomponents\httpcore\4.4.13\httpcore-4.4.13.jar;C:\Users\orkhan.gahramanli\.m2\repository\commons-logging\commons-logging\1.2\commons-logging-1.2.jar;C:\Users\orkhan.gahramanli\.m2\repository\commons-codec\commons-codec\1.11\commons-codec-1.11.jar;C:\Users\orkhan.gahramanli\.m2\repository\org\apache\httpcomponents\httpmime\4.5.13\httpmime-4.5.13.jar;C:\Users\orkhan.gahramanli\.m2\repository\org\hamcrest\hamcrest\2.2\hamcrest-2.2.jar;C:\Users\orkhan.gahramanli\.m2\repository\org\ccil\cowan\tagsoup\tagsoup\1.2.1\tagsoup-1.2.1.jar;C:\Users\orkhan.gahramanli\.m2\repository\io\rest-assured\json-path\5.4.0\json-path-5.4.0.jar;C:\Users\orkhan.gahramanli\.m2\repository\org\apache\groovy\groovy-json\4.0.16\groovy-json-4.0.16.jar;C:\Users\orkhan.gahramanli\.m2\repository\io\rest-assured\rest-assured-common\5.4.0\rest-assured-common-5.4.0.jar;C:\Users\orkhan.gahramanli\.m2\repository\io\rest-assured\xml-path\5.4.0\xml-path-5.4.0.jar;C:\Users\orkhan.gahramanli\.m2\repository\org\apache\commons\commons-lang3\3.11\commons-lang3-3.11.jar;C:\Users\orkhan.gahramanli\.m2\repository\com\microsoft\sqlserver\mssql-jdbc\12.6.1.jre11\mssql-jdbc-12.6.1.jre11.jar
Launcher Type: SUN_STANDARD

[Global flags]
     intx CICompilerCount                          = 12                                        {product} {ergonomic}
     uint ConcGCThreads                            = 3                                         {product} {ergonomic}
     uint G1ConcRefinementThreads                  = 13                                        {product} {ergonomic}
   size_t G1HeapRegionSize                         = 2097152                                   {product} {ergonomic}
   size_t InitialHeapSize                          = 264241152                                 {product} {ergonomic}
   size_t MarkStackSize                            = 4194304                                   {product} {ergonomic}
   size_t MaxHeapSize                              = 4223664128                                {product} {ergonomic}
   size_t MaxNewSize                               = 2533359616                                {product} {ergonomic}
   size_t MinHeapDeltaBytes                        = 2097152                                   {product} {ergonomic}
   size_t MinHeapSize                              = 8388608                                   {product} {ergonomic}
    uintx NonNMethodCodeHeapSize                   = 7602480                                {pd product} {ergonomic}
    uintx NonProfiledCodeHeapSize                  = 122027880                              {pd product} {ergonomic}
    uintx ProfiledCodeHeapSize                     = 122027880                              {pd product} {ergonomic}
    uintx ReservedCodeCacheSize                    = 251658240                              {pd product} {ergonomic}
     bool SegmentedCodeCache                       = true                                      {product} {ergonomic}
   size_t SoftMaxHeapSize                          = 4223664128                             {manageable} {ergonomic}
     bool UseCompressedOops                        = true                           {product lp64_product} {ergonomic}
     bool UseG1GC                                  = true                                      {product} {ergonomic}
     bool UseLargePagesIndividualAllocation        = false                                  {pd product} {ergonomic}

Logging:
Log output configuration:
 #0: stdout all=warning uptime,level,tags foldmultilines=false
 #1: stderr all=off uptime,level,tags foldmultilines=false

Environment Variables:
JAVA_HOME=C:\Program Files (x86)\Java\jre-1.8
PATH=C:\Program Files (x86)\Common Files\Oracle\Java\java8path;C:\Program Files (x86)\Common Files\Oracle\Java\javapath;C:\Windows\system32;C:\Windows;C:\Windows\System32\Wbem;C:\Windows\System32\WindowsPowerShell\v1.0\;C:\Windows\System32\OpenSSH\;C:\Program Files (x86)\Microsoft SQL Server\160\DTS\Binn\;C:\Program Files\Git\cmd;C:\Program Files\nodejs\;C:\Program Files (x86)\Java\jre-1.8;C:\Users\orkhan.gahramanli\AppData\Local\Android\Sdk;C:\Users\orkhan.gahramanli\AppData\Local\Android\Sdk\platform-tools;C:\Users\orkhan.gahramanli\AppData\Local\Android\Sdk\tools;C:\Users\orkhan.gahramanli\AppData\Local\Android\Sdk\tools\bin;C:\Users\orkhan.gahramanli\AppData\Local\Android\Sdk\cmdline-tools;C:\Users\orkhan.gahramanli\AppData\Local\Microsoft\WindowsApps;C:\Users\orkhan.gahramanli\AppData\Roaming\npm
USERNAME=Orkhan.Gahramanli
OS=Windows_NT
PROCESSOR_IDENTIFIER=Intel64 Family 6 Model 186 Stepping 2, GenuineIntel
TMP=C:\Users\ORKHAN~1.GAH\AppData\Local\Temp
TEMP=C:\Users\ORKHAN~1.GAH\AppData\Local\Temp




Periodic native trim disabled

---------------  S Y S T E M  ---------------

OS:
 Windows 11 , 64 bit Build 22621 (10.0.22621.3527)
OS uptime: 3 days 3:07 hours
Hyper-V role detected

CPU: total 16 (initial active 16) (8 cores per cpu, 2 threads per core) family 6 model 186 stepping 2 microcode 0x410e, cx8, cmov, fxsr, ht, mmx, 3dnowpref, sse, sse2, sse3, ssse3, sse4.1, sse4.2, popcnt, lzcnt, tsc, tscinvbit, avx, avx2, aes, erms, clmul, bmi1, bmi2, adx, sha, fma, vzeroupper, clflush, clflushopt, clwb, hv, serialize, rdtscp, rdpid, fsrm, f16c, cet_ibt, cet_ss
Processor Information for processor 0
  Max Mhz: 2400, Current Mhz: 2400, Mhz Limit: 2400
Processor Information for processor 1
  Max Mhz: 2400, Current Mhz: 1520, Mhz Limit: 2400
Processor Information for processor 2
  Max Mhz: 2400, Current Mhz: 2400, Mhz Limit: 2400
Processor Information for processor 3
  Max Mhz: 2400, Current Mhz: 1520, Mhz Limit: 2400
Processor Information for processor 4
  Max Mhz: 2400, Current Mhz: 2400, Mhz Limit: 2400
Processor Information for processor 5
  Max Mhz: 2400, Current Mhz: 1520, Mhz Limit: 2400
Processor Information for processor 6
  Max Mhz: 2400, Current Mhz: 2400, Mhz Limit: 2400
Processor Information for processor 7
  Max Mhz: 2400, Current Mhz: 1520, Mhz Limit: 2400
Processor Information for processor 8
  Max Mhz: 2400, Current Mhz: 2400, Mhz Limit: 2400
Processor Information for processor 9
  Max Mhz: 2400, Current Mhz: 1520, Mhz Limit: 2400
Processor Information for processor 10
  Max Mhz: 2400, Current Mhz: 2400, Mhz Limit: 2400
Processor Information for processor 11
  Max Mhz: 2400, Current Mhz: 1520, Mhz Limit: 2400
Processor Information for processor 12
  Max Mhz: 2400, Current Mhz: 1800, Mhz Limit: 1800
Processor Information for processor 13
  Max Mhz: 2400, Current Mhz: 1500, Mhz Limit: 1800
Processor Information for processor 14
  Max Mhz: 2400, Current Mhz: 1800, Mhz Limit: 1800
Processor Information for processor 15
  Max Mhz: 2400, Current Mhz: 1800, Mhz Limit: 1800

Memory: 4k page, system-wide physical 16108M (2564M free)
TotalPageFile size 27149M (AvailPageFile size 3011M)
current process WorkingSet (physical memory assigned to process): 336M, peak: 388M
current process commit charge ("private bytes"): 381M, peak: 467M

vm_info: OpenJDK 64-Bit Server VM (22+36-2370) for windows-amd64 JRE (22+36-2370), built on 2024-02-15T22:15:19Z by "mach5one" with MS VC++ 17.6 (VS2022)

END.
